
build/telosb/main.exe:     file format elf32-msp430


Disassembly of section .text:

00004000 <__watchdog_support>:
    4000:	55 42 20 01 	mov.b	&0x0120,r5	
    4004:	35 d0 08 5a 	bis	#23048,	r5	;#0x5a08
    4008:	82 45 52 12 	mov	r5,	&0x1252	

0000400c <__init_stack>:
    400c:	31 40 00 39 	mov	#14592,	r1	;#0x3900

00004010 <__do_copy_data>:
    4010:	3f 40 2c 00 	mov	#44,	r15	;#0x002c
    4014:	0f 93       	tst	r15		
    4016:	08 24       	jz	$+18     	;abs 0x4028
    4018:	92 42 52 12 20 01 	mov	&0x1252,&0x0120	
    401e:	2f 83       	decd	r15		
    4020:	9f 4f 44 56 00 11 	mov	22084(r15),4352(r15);0x5644(r15), 0x1100(r15)
    4026:	f8 23       	jnz	$-14     	;abs 0x4018

00004028 <__do_clear_bss>:
    4028:	3f 40 26 01 	mov	#294,	r15	;#0x0126
    402c:	0f 93       	tst	r15		
    402e:	07 24       	jz	$+16     	;abs 0x403e
    4030:	92 42 52 12 20 01 	mov	&0x1252,&0x0120	
    4036:	1f 83       	dec	r15		
    4038:	cf 43 2c 11 	mov.b	#0,	4396(r15);r3 As==00, 0x112c(r15)
    403c:	f9 23       	jnz	$-12     	;abs 0x4030

0000403e <main>:
    403e:	21 83       	decd	r1		
    4040:	0b 42       	mov	r2,	r11	
    4042:	3b f2       	and	#8,	r11	;r2 As==11
    4044:	32 c2       	dint			
    4046:	03 43       	nop			
    4048:	3d 40 09 00 	mov	#9,	r13	;#0x0009
    404c:	3e 40 ff 00 	mov	#255,	r14	;#0x00ff
    4050:	3f 40 52 11 	mov	#4434,	r15	;#0x1152
    4054:	b0 12 8a 55 	call	#0x558a	
    4058:	f2 43 38 12 	mov.b	#-1,	&0x1238	;r3 As==11
    405c:	f2 43 4e 12 	mov.b	#-1,	&0x124e	;r3 As==11
    4060:	b2 40 80 5a 20 01 	mov	#23168,	&0x0120	;#0x5a80
    4066:	a2 42 60 01 	mov	#4,	&0x0160	;r2 As==10
    406a:	a2 42 80 01 	mov	#4,	&0x0180	;r2 As==10
    406e:	b2 40 20 02 60 01 	mov	#544,	&0x0160	;#0x0220
    4074:	b2 40 20 01 80 01 	mov	#288,	&0x0180	;#0x0120
    407a:	f2 40 84 ff 57 00 	mov.b	#-124,	&0x0057	;#0xff84
    4080:	c2 43 58 00 	mov.b	#0,	&0x0058	;r3 As==00
    4084:	b2 40 00 40 82 01 	mov	#16384,	&0x0182	;#0x4000
    408a:	3c 40 0b 00 	mov	#11,	r12	;#0x000b
    408e:	3f 40 00 04 	mov	#1024,	r15	;#0x0400
    4092:	0e 43       	clr	r14		
    4094:	0d 4f       	mov	r15,	r13	
    4096:	0d de       	bis	r14,	r13	
    4098:	59 42 57 00 	mov.b	&0x0057,r9	
    409c:	0a 4d       	mov	r13,	r10	
    409e:	8a 10       	swpb	r10		
    40a0:	7a f0 07 00 	and.b	#7,	r10	;#0x0007
    40a4:	79 f0 f8 ff 	and.b	#-8,	r9	;#0xfff8
    40a8:	4a d9       	bis.b	r9,	r10	
    40aa:	c2 4a 57 00 	mov.b	r10,	&0x0057	
    40ae:	c2 4d 56 00 	mov.b	r13,	&0x0056	
    40b2:	39 40 03 00 	mov	#3,	r9	;#0x0003
    40b6:	0a 43       	clr	r10		
    40b8:	08 43       	clr	r8		
    40ba:	0f 3c       	jmp	$+32     	;abs 0x40da
    40bc:	18 42 90 01 	mov	&0x0190,r8	
    40c0:	38 52       	add	#8,	r8	;r2 As==11
    40c2:	82 48 92 01 	mov	r8,	&0x0192	
    40c6:	b2 f0 fe ff 82 01 	and	#-2,	&0x0182	;#0xfffe
    40cc:	92 b3 82 01 	bit	#1,	&0x0182	;r3 As==01
    40d0:	fd 27       	jz	$-4      	;abs 0x40cc
    40d2:	17 42 70 01 	mov	&0x0170,r7	
    40d6:	08 4a       	mov	r10,	r8	
    40d8:	0a 47       	mov	r7,	r10	
    40da:	39 53       	add	#-1,	r9	;r3 As==11
    40dc:	ef 23       	jnz	$-32     	;abs 0x40bc
    40de:	0a 88       	sub	r8,	r10	
    40e0:	3a 90 01 04 	cmp	#1025,	r10	;#0x0401
    40e4:	01 2c       	jc	$+4      	;abs 0x40e8
    40e6:	0e 4d       	mov	r13,	r14	
    40e8:	0d 4e       	mov	r14,	r13	
    40ea:	3d f0 e0 00 	and	#224,	r13	;#0x00e0
    40ee:	3d 90 e0 00 	cmp	#224,	r13	;#0x00e0
    40f2:	04 24       	jz	$+10     	;abs 0x40fc
    40f4:	12 c3       	clrc			
    40f6:	0f 10       	rrc	r15		
    40f8:	3c 53       	add	#-1,	r12	;r3 As==11
    40fa:	cc 23       	jnz	$-102    	;abs 0x4094
    40fc:	5d 42 57 00 	mov.b	&0x0057,r13	
    4100:	0f 4e       	mov	r14,	r15	
    4102:	8f 10       	swpb	r15		
    4104:	7f f0 07 00 	and.b	#7,	r15	;#0x0007
    4108:	7d f0 f8 ff 	and.b	#-8,	r13	;#0xfff8
    410c:	4f dd       	bis.b	r13,	r15	
    410e:	c2 4f 57 00 	mov.b	r15,	&0x0057	
    4112:	c2 4e 56 00 	mov.b	r14,	&0x0056	
    4116:	5f 42 57 00 	mov.b	&0x0057,r15	
    411a:	7f f0 07 00 	and.b	#7,	r15	;#0x0007
    411e:	7f d0 80 ff 	bis.b	#-128,	r15	;#0xff80
    4122:	c2 4f 57 00 	mov.b	r15,	&0x0057	
    4126:	e2 42 58 00 	mov.b	#4,	&0x0058	;r2 As==10
    412a:	f2 f0 fd ff 00 00 	and.b	#-3,	&0x0000	;#0xfffd
    4130:	82 43 70 01 	mov	#0,	&0x0170	;r3 As==00
    4134:	b2 40 02 02 60 01 	mov	#514,	&0x0160	;#0x0202
    413a:	82 43 90 01 	mov	#0,	&0x0190	;r3 As==00
    413e:	b2 40 02 01 80 01 	mov	#258,	&0x0180	;#0x0102
    4144:	1f 42 60 01 	mov	&0x0160,r15	
    4148:	3f f0 cf ff 	and	#-49,	r15	;#0xffcf
    414c:	3f d0 20 00 	bis	#32,	r15	;#0x0020
    4150:	82 4f 60 01 	mov	r15,	&0x0160	
    4154:	1f 42 80 01 	mov	&0x0180,r15	
    4158:	3f f0 cf ff 	and	#-49,	r15	;#0xffcf
    415c:	3f d0 20 00 	bis	#32,	r15	;#0x0020
    4160:	82 4f 80 01 	mov	r15,	&0x0180	
    4164:	c2 43 26 00 	mov.b	#0,	&0x0026	;r3 As==00
    4168:	c2 43 2e 00 	mov.b	#0,	&0x002e	;r3 As==00
    416c:	c2 43 1b 00 	mov.b	#0,	&0x001b	;r3 As==00
    4170:	c2 43 1f 00 	mov.b	#0,	&0x001f	;r3 As==00
    4174:	c2 43 33 00 	mov.b	#0,	&0x0033	;r3 As==00
    4178:	c2 43 37 00 	mov.b	#0,	&0x0037	;r3 As==00
    417c:	c2 43 21 00 	mov.b	#0,	&0x0021	;r3 As==00
    4180:	f2 40 e0 ff 22 00 	mov.b	#-32,	&0x0022	;#0xffe0
    4186:	f2 40 30 00 29 00 	mov.b	#48,	&0x0029	;#0x0030
    418c:	f2 40 7b 00 2a 00 	mov.b	#123,	&0x002a	;#0x007b
    4192:	c2 43 19 00 	mov.b	#0,	&0x0019	;r3 As==00
    4196:	f2 40 f1 ff 1a 00 	mov.b	#-15,	&0x001a	;#0xfff1
    419c:	f2 40 dd ff 1d 00 	mov.b	#-35,	&0x001d	;#0xffdd
    41a2:	f2 40 fd ff 1e 00 	mov.b	#-3,	&0x001e	;#0xfffd
    41a8:	f2 43 31 00 	mov.b	#-1,	&0x0031	;r3 As==11
    41ac:	f2 43 32 00 	mov.b	#-1,	&0x0032	;r3 As==11
    41b0:	c2 43 35 00 	mov.b	#0,	&0x0035	;r3 As==00
    41b4:	f2 43 36 00 	mov.b	#-1,	&0x0036	;r3 As==11
    41b8:	c2 43 25 00 	mov.b	#0,	&0x0025	;r3 As==00
    41bc:	c2 43 2d 00 	mov.b	#0,	&0x002d	;r3 As==00
    41c0:	1e 42 70 01 	mov	&0x0170,r14	
    41c4:	1f 42 70 01 	mov	&0x0170,r15	
    41c8:	0f 8e       	sub	r14,	r15	
    41ca:	3f 90 01 28 	cmp	#10241,	r15	;#0x2801
    41ce:	fa 2b       	jnc	$-10     	;abs 0x41c4
    41d0:	e2 d3 1a 00 	bis.b	#2,	&0x001a	;r3 As==10
    41d4:	f2 d2 1a 00 	bis.b	#8,	&0x001a	;r2 As==11
    41d8:	f2 d0 80 ff 1e 00 	bis.b	#-128,	&0x001e	;#0xff80
    41de:	f2 d0 10 00 1e 00 	bis.b	#16,	&0x001e	;#0x0010
    41e4:	f2 d0 80 ff 1d 00 	bis.b	#-128,	&0x001d	;#0xff80
    41ea:	f2 d0 10 00 1d 00 	bis.b	#16,	&0x001d	;#0x0010
    41f0:	03 43       	nop			
    41f2:	03 43       	nop			
    41f4:	f2 f0 ef ff 1d 00 	and.b	#-17,	&0x001d	;#0xffef
    41fa:	f2 f0 f7 ff 19 00 	and.b	#-9,	&0x0019	;#0xfff7
    4200:	5f 43       	mov.b	#1,	r15	;r3 As==01
    4202:	b0 12 42 44 	call	#0x4442	
    4206:	4f 43       	clr.b	r15		
    4208:	b0 12 42 44 	call	#0x4442	
    420c:	5f 43       	mov.b	#1,	r15	;r3 As==01
    420e:	b0 12 42 44 	call	#0x4442	
    4212:	5f 43       	mov.b	#1,	r15	;r3 As==01
    4214:	b0 12 42 44 	call	#0x4442	
    4218:	5f 43       	mov.b	#1,	r15	;r3 As==01
    421a:	b0 12 42 44 	call	#0x4442	
    421e:	4f 43       	clr.b	r15		
    4220:	b0 12 42 44 	call	#0x4442	
    4224:	4f 43       	clr.b	r15		
    4226:	b0 12 42 44 	call	#0x4442	
    422a:	5f 43       	mov.b	#1,	r15	;r3 As==01
    422c:	b0 12 42 44 	call	#0x4442	
    4230:	f2 d0 10 00 1d 00 	bis.b	#16,	&0x001d	;#0x0010
    4236:	f2 d2 19 00 	bis.b	#8,	&0x0019	;r2 As==11
    423a:	e2 d3 19 00 	bis.b	#2,	&0x0019	;r3 As==10
    423e:	f2 d0 10 00 32 00 	bis.b	#16,	&0x0032	;#0x0010
    4244:	f2 d0 20 00 32 00 	bis.b	#32,	&0x0032	;#0x0020
    424a:	f2 d0 40 00 32 00 	bis.b	#64,	&0x0032	;#0x0040
    4250:	b0 12 a2 47 	call	#0x47a2	
    4254:	b0 12 b6 47 	call	#0x47b6	
    4258:	b0 12 ca 47 	call	#0x47ca	
    425c:	b0 12 fc 53 	call	#0x53fc	
    4260:	4f 93       	tst.b	r15		
    4262:	fc 23       	jnz	$-6      	;abs 0x425c
    4264:	b2 f0 ef ff 82 01 	and	#-17,	&0x0182	;#0xffef
    426a:	b2 40 00 40 82 01 	mov	#16384,	&0x0182	;#0x4000
    4270:	f2 43 5d 11 	mov.b	#-1,	&0x115d	;r3 As==11
    4274:	c2 43 72 11 	mov.b	#0,	&0x1172	;r3 As==00
    4278:	c2 43 74 11 	mov.b	#0,	&0x1174	;r3 As==00
    427c:	f2 40 0a 00 26 12 	mov.b	#10,	&0x1226	;#0x000a
    4282:	c2 43 67 11 	mov.b	#0,	&0x1167	;r3 As==00
    4286:	c2 43 6c 11 	mov.b	#0,	&0x116c	;r3 As==00
    428a:	c2 43 39 12 	mov.b	#0,	&0x1239	;r3 As==00
    428e:	82 43 50 12 	mov	#0,	&0x1250	;r3 As==00
    4292:	c2 43 3e 12 	mov.b	#0,	&0x123e	;r3 As==00
    4296:	c2 43 b8 11 	mov.b	#0,	&0x11b8	;r3 As==00
    429a:	b0 12 24 44 	call	#0x4424	
    429e:	c2 43 ab 11 	mov.b	#0,	&0x11ab	;r3 As==00
    42a2:	c2 43 aa 11 	mov.b	#0,	&0x11aa	;r3 As==00
    42a6:	b0 12 fc 53 	call	#0x53fc	
    42aa:	4f 93       	tst.b	r15		
    42ac:	fc 23       	jnz	$-6      	;abs 0x42a6
    42ae:	0b 93       	tst	r11		
    42b0:	01 24       	jz	$+4      	;abs 0x42b4
    42b2:	32 d2       	eint			
    42b4:	32 d2       	eint			
    42b6:	0f 42       	mov	r2,	r15	
    42b8:	3f f2       	and	#8,	r15	;r2 As==11
    42ba:	32 c2       	dint			
    42bc:	03 43       	nop			
    42be:	f2 90 0a 00 26 12 	cmp.b	#10,	&0x1226	;#0x000a
    42c4:	07 24       	jz	$+16     	;abs 0x42d4
    42c6:	e2 92 62 11 	cmp.b	#4,	&0x1162	;r2 As==10
    42ca:	04 24       	jz	$+10     	;abs 0x42d4
    42cc:	0f 93       	tst	r15		
    42ce:	08 24       	jz	$+18     	;abs 0x42e0
    42d0:	32 d2       	eint			
    42d2:	06 3c       	jmp	$+14     	;abs 0x42e0
    42d4:	0f 93       	tst	r15		
    42d6:	01 24       	jz	$+4      	;abs 0x42da
    42d8:	32 d2       	eint			
    42da:	5f 43       	mov.b	#1,	r15	;r3 As==01
    42dc:	b0 12 e0 44 	call	#0x44e0	
    42e0:	0b 42       	mov	r2,	r11	
    42e2:	3b f2       	and	#8,	r11	;r2 As==11
    42e4:	32 c2       	dint			
    42e6:	03 43       	nop			
    42e8:	85 3c       	jmp	$+268    	;abs 0x43f4
    42ea:	c2 93 0b 11 	tst.b	&0x110b	
    42ee:	77 24       	jz	$+240    	;abs 0x43de
    42f0:	b2 b0 10 00 62 01 	bit	#16,	&0x0162	;#0x0010
    42f6:	08 20       	jnz	$+18     	;abs 0x4308
    42f8:	b2 b0 10 00 64 01 	bit	#16,	&0x0164	;#0x0010
    42fe:	04 20       	jnz	$+10     	;abs 0x4308
    4300:	b2 b0 10 00 66 01 	bit	#16,	&0x0166	;#0x0010
    4306:	07 24       	jz	$+16     	;abs 0x4316
    4308:	1f 42 60 01 	mov	&0x0160,r15	
    430c:	3f f0 00 03 	and	#768,	r15	;#0x0300
    4310:	3f 90 00 02 	cmp	#512,	r15	;#0x0200
    4314:	2e 24       	jz	$+94     	;abs 0x4372
    4316:	5f 42 04 00 	mov.b	&0x0004,r15	
    431a:	3f b0 c0 00 	bit	#192,	r15	;#0x00c0
    431e:	05 24       	jz	$+12     	;abs 0x432a
    4320:	5f 42 71 00 	mov.b	&0x0071,r15	
    4324:	3f f0 20 00 	and	#32,	r15	;#0x0020
    4328:	26 20       	jnz	$+78     	;abs 0x4376
    432a:	5f 42 05 00 	mov.b	&0x0005,r15	
    432e:	3f b0 30 00 	bit	#48,	r15	;#0x0030
    4332:	05 24       	jz	$+12     	;abs 0x433e
    4334:	5f 42 79 00 	mov.b	&0x0079,r15	
    4338:	3f f0 20 00 	and	#32,	r15	;#0x0020
    433c:	1e 20       	jnz	$+62     	;abs 0x437a
    433e:	5f 42 70 00 	mov.b	&0x0070,r15	
    4342:	1f f3       	and	#1,	r15	;r3 As==01
    4344:	1c 24       	jz	$+58     	;abs 0x437e
    4346:	5f 42 71 00 	mov.b	&0x0071,r15	
    434a:	3f f0 20 00 	and	#32,	r15	;#0x0020
    434e:	1a 24       	jz	$+54     	;abs 0x4384
    4350:	5f 42 72 00 	mov.b	&0x0072,r15	
    4354:	3f f0 20 00 	and	#32,	r15	;#0x0020
    4358:	18 24       	jz	$+50     	;abs 0x438a
    435a:	5f 42 70 00 	mov.b	&0x0070,r15	
    435e:	2f f2       	and	#4,	r15	;r2 As==10
    4360:	17 24       	jz	$+48     	;abs 0x4390
    4362:	5f 42 70 00 	mov.b	&0x0070,r15	
    4366:	3f f0 20 00 	and	#32,	r15	;#0x0020
    436a:	15 20       	jnz	$+44     	;abs 0x4396
    436c:	7f 40 05 00 	mov.b	#5,	r15	;#0x0005
    4370:	13 3c       	jmp	$+40     	;abs 0x4398
    4372:	6f 43       	mov.b	#2,	r15	;r3 As==10
    4374:	11 3c       	jmp	$+36     	;abs 0x4398
    4376:	6f 43       	mov.b	#2,	r15	;r3 As==10
    4378:	0f 3c       	jmp	$+32     	;abs 0x4398
    437a:	6f 43       	mov.b	#2,	r15	;r3 As==10
    437c:	0d 3c       	jmp	$+28     	;abs 0x4398
    437e:	7f 40 05 00 	mov.b	#5,	r15	;#0x0005
    4382:	0a 3c       	jmp	$+22     	;abs 0x4398
    4384:	7f 40 05 00 	mov.b	#5,	r15	;#0x0005
    4388:	07 3c       	jmp	$+16     	;abs 0x4398
    438a:	7f 40 05 00 	mov.b	#5,	r15	;#0x0005
    438e:	04 3c       	jmp	$+10     	;abs 0x4398
    4390:	7f 40 05 00 	mov.b	#5,	r15	;#0x0005
    4394:	01 3c       	jmp	$+4      	;abs 0x4398
    4396:	6f 43       	mov.b	#2,	r15	;r3 As==10
    4398:	b2 b0 10 00 a0 01 	bit	#16,	&0x01a0	;#0x0010
    439e:	19 24       	jz	$+52     	;abs 0x43d2
    43a0:	b2 b0 10 00 a2 01 	bit	#16,	&0x01a2	;#0x0010
    43a6:	05 24       	jz	$+12     	;abs 0x43b2
    43a8:	b2 b2 a2 01 	bit	#8,	&0x01a2	;r2 As==11
    43ac:	0f 24       	jz	$+32     	;abs 0x43cc
    43ae:	6f 43       	mov.b	#2,	r15	;r3 As==10
    43b0:	10 3c       	jmp	$+34     	;abs 0x43d2
    43b2:	1e 42 a2 01 	mov	&0x01a2,r14	
    43b6:	3e b0 00 04 	bit	#1024,	r14	;#0x0400
    43ba:	0b 24       	jz	$+24     	;abs 0x43d2
    43bc:	1e 42 60 01 	mov	&0x0160,r14	
    43c0:	3e f0 00 03 	and	#768,	r14	;#0x0300
    43c4:	3e 90 00 02 	cmp	#512,	r14	;#0x0200
    43c8:	04 20       	jnz	$+10     	;abs 0x43d2
    43ca:	02 3c       	jmp	$+6      	;abs 0x43d0
    43cc:	4f 43       	clr.b	r15		
    43ce:	01 3c       	jmp	$+4      	;abs 0x43d2
    43d0:	6f 43       	mov.b	#2,	r15	;r3 As==10
    43d2:	7f 90 05 00 	cmp.b	#5,	r15	;#0x0005
    43d6:	01 28       	jnc	$+4      	;abs 0x43da
    43d8:	6f 42       	mov.b	#4,	r15	;r2 As==10
    43da:	c2 4f 4a 11 	mov.b	r15,	&0x114a	
    43de:	5f 42 4a 11 	mov.b	&0x114a,r15	
    43e2:	0f 5f       	rla	r15		
    43e4:	1f 4f 30 56 	mov	22064(r15),r15	;0x5630(r15)
    43e8:	3f d2       	bis	#8,	r15	;r2 As==11
    43ea:	81 4f 00 00 	mov	r15,	0(r1)	;0x0000(r1)
    43ee:	22 d1       	bis	@r1,	r2	
    43f0:	32 c2       	dint			
    43f2:	03 43       	nop			
    43f4:	f2 93 38 12 	cmp.b	#-1,	&0x1238	;r3 As==11
    43f8:	03 24       	jz	$+8      	;abs 0x4400
    43fa:	b0 12 f8 47 	call	#0x47f8	
    43fe:	01 3c       	jmp	$+4      	;abs 0x4402
    4400:	7f 43       	mov.b	#-1,	r15	;r3 As==11
    4402:	c2 4f 66 11 	mov.b	r15,	&0x1166	
    4406:	7f 93       	cmp.b	#-1,	r15	;r3 As==11
    4408:	70 27       	jz	$-286    	;abs 0x42ea
    440a:	0b 93       	tst	r11		
    440c:	01 24       	jz	$+4      	;abs 0x4410
    440e:	32 d2       	eint			
    4410:	5f 42 66 11 	mov.b	&0x1166,r15	
    4414:	b0 12 5c 4f 	call	#0x4f5c	
    4418:	63 3f       	jmp	$-312    	;abs 0x42e0

0000441a <__stop_progExec__>:
    441a:	32 d0 f0 00 	bis	#240,	r2	;#0x00f0
    441e:	fd 3f       	jmp	$-4      	;abs 0x441a

00004420 <__ctors_end>:
    4420:	30 40 f4 55 	br	#0x55f4	

00004424 <SerialP__rxInit>:
    4424:	c2 43 2d 12 	mov.b	#0,	&0x122d	;r3 As==00
    4428:	c2 43 2c 12 	mov.b	#0,	&0x122c	;r3 As==00
    442c:	e2 42 62 11 	mov.b	#4,	&0x1162	;r2 As==10
    4430:	c2 43 29 12 	mov.b	#0,	&0x1229	;r3 As==00
    4434:	c2 43 32 12 	mov.b	#0,	&0x1232	;r3 As==00
    4438:	c2 43 63 11 	mov.b	#0,	&0x1163	;r3 As==00
    443c:	82 43 b6 11 	mov	#0,	&0x11b6	;r3 As==00
    4440:	30 41       	ret			

00004442 <MotePlatformC__TOSH_FLASH_M25P_DP_bit>:
    4442:	4f 93       	tst.b	r15		
    4444:	04 24       	jz	$+10     	;abs 0x444e
    4446:	5f 42 19 00 	mov.b	&0x0019,r15	
    444a:	6f d3       	bis.b	#2,	r15	;r3 As==10
    444c:	04 3c       	jmp	$+10     	;abs 0x4456
    444e:	5f 42 19 00 	mov.b	&0x0019,r15	
    4452:	7f f0 fd ff 	and.b	#-3,	r15	;#0xfffd
    4456:	c2 4f 19 00 	mov.b	r15,	&0x0019	
    445a:	f2 d2 19 00 	bis.b	#8,	&0x0019	;r2 As==11
    445e:	f2 f0 f7 ff 19 00 	and.b	#-9,	&0x0019	;#0xfff7
    4464:	30 41       	ret			

00004466 <HplMsp430Usart1P__Usart__disableSpi>:
    4466:	f2 f0 ef ff 05 00 	and.b	#-17,	&0x0005	;#0xffef
    446c:	3f 40 33 00 	mov	#51,	r15	;#0x0033
    4470:	ff f0 fd ff 00 00 	and.b	#-3,	0(r15)	;#0xfffd, 0x0000(r15)
    4476:	ff f0 fb ff 00 00 	and.b	#-5,	0(r15)	;#0xfffb, 0x0000(r15)
    447c:	ff f0 f7 ff 00 00 	and.b	#-9,	0(r15)	;#0xfff7, 0x0000(r15)
    4482:	30 41       	ret			

00004484 <HplMsp430Usart1P__Usart__disableUart>:
    4484:	f2 f0 cf ff 05 00 	and.b	#-49,	&0x0005	;#0xffcf
    448a:	3f 40 1b 00 	mov	#27,	r15	;#0x001b
    448e:	ff f0 bf ff 00 00 	and.b	#-65,	0(r15)	;#0xffbf, 0x0000(r15)
    4494:	ff f0 7f 00 00 00 	and.b	#127,	0(r15)	;#0x007f, 0x0000(r15)
    449a:	30 41       	ret			

0000449c <crcByte>:
    449c:	0d 4f       	mov	r15,	r13	
    449e:	8d 10       	swpb	r13		
    44a0:	4d 4d       	mov.b	r13,	r13	
    44a2:	4f 4f       	mov.b	r15,	r15	
    44a4:	8f 10       	swpb	r15		
    44a6:	0d df       	bis	r15,	r13	
    44a8:	4e 4e       	mov.b	r14,	r14	
    44aa:	0d ee       	xor	r14,	r13	
    44ac:	4f 4d       	mov.b	r13,	r15	
    44ae:	12 c3       	clrc			
    44b0:	4f 10       	rrc.b	r15		
    44b2:	12 c3       	clrc			
    44b4:	4f 10       	rrc.b	r15		
    44b6:	12 c3       	clrc			
    44b8:	4f 10       	rrc.b	r15		
    44ba:	12 c3       	clrc			
    44bc:	4f 10       	rrc.b	r15		
    44be:	4e 4f       	mov.b	r15,	r14	
    44c0:	0e ed       	xor	r13,	r14	
    44c2:	4f 4e       	mov.b	r14,	r15	
    44c4:	8f 10       	swpb	r15		
    44c6:	0f 5f       	rla	r15		
    44c8:	0f 5f       	rla	r15		
    44ca:	0f 5f       	rla	r15		
    44cc:	0f 5f       	rla	r15		
    44ce:	0f ee       	xor	r14,	r15	
    44d0:	4e 4f       	mov.b	r15,	r14	
    44d2:	0e 5e       	rla	r14		
    44d4:	0e 5e       	rla	r14		
    44d6:	0e 5e       	rla	r14		
    44d8:	0e 5e       	rla	r14		
    44da:	0e 5e       	rla	r14		
    44dc:	0f ee       	xor	r14,	r15	
    44de:	30 41       	ret			

000044e0 <SchedulerBasicP__TaskBasic__postTask>:
    44e0:	0e 42       	mov	r2,	r14	
    44e2:	3e f2       	and	#8,	r14	;r2 As==11
    44e4:	32 c2       	dint			
    44e6:	03 43       	nop			
    44e8:	4d 4f       	mov.b	r15,	r13	
    44ea:	fd 93 52 11 	cmp.b	#-1,	4434(r13);r3 As==11, 0x1152(r13)
    44ee:	06 20       	jnz	$+14     	;abs 0x44fc
    44f0:	1d 43       	mov	#1,	r13	;r3 As==01
    44f2:	c2 9f 4e 12 	cmp.b	r15,	&0x124e	
    44f6:	03 24       	jz	$+8      	;abs 0x44fe
    44f8:	0d 43       	clr	r13		
    44fa:	01 3c       	jmp	$+4      	;abs 0x44fe
    44fc:	1d 43       	mov	#1,	r13	;r3 As==01
    44fe:	0d 93       	tst	r13		
    4500:	0f 20       	jnz	$+32     	;abs 0x4520
    4502:	f2 93 38 12 	cmp.b	#-1,	&0x1238	;r3 As==11
    4506:	03 20       	jnz	$+8      	;abs 0x450e
    4508:	c2 4f 38 12 	mov.b	r15,	&0x1238	
    450c:	04 3c       	jmp	$+10     	;abs 0x4516
    450e:	5d 42 4e 12 	mov.b	&0x124e,r13	
    4512:	cd 4f 52 11 	mov.b	r15,	4434(r13);0x1152(r13)
    4516:	c2 4f 4e 12 	mov.b	r15,	&0x124e	
    451a:	0e 93       	tst	r14		
    451c:	0c 24       	jz	$+26     	;abs 0x4536
    451e:	05 3c       	jmp	$+12     	;abs 0x452a
    4520:	0e 93       	tst	r14		
    4522:	05 20       	jnz	$+12     	;abs 0x452e
    4524:	3f 40 05 00 	mov	#5,	r15	;#0x0005
    4528:	30 41       	ret			
    452a:	32 d2       	eint			
    452c:	04 3c       	jmp	$+10     	;abs 0x4536
    452e:	32 d2       	eint			
    4530:	3f 40 05 00 	mov	#5,	r15	;#0x0005
    4534:	30 41       	ret			
    4536:	0f 43       	clr	r15		
    4538:	30 41       	ret			

0000453a <TransformAlarmC__0__Counter__get>:
    453a:	0b 12       	push	r11		
    453c:	0a 12       	push	r10		
    453e:	09 12       	push	r9		
    4540:	09 42       	mov	r2,	r9	
    4542:	39 f2       	and	#8,	r9	;r2 As==11
    4544:	32 c2       	dint			
    4546:	03 43       	nop			
    4548:	1c 42 b2 11 	mov	&0x11b2,r12	
    454c:	1d 42 b4 11 	mov	&0x11b4,r13	
    4550:	1f 42 90 01 	mov	&0x0190,r15	
    4554:	01 3c       	jmp	$+4      	;abs 0x4558
    4556:	0f 4e       	mov	r14,	r15	
    4558:	1e 42 90 01 	mov	&0x0190,r14	
    455c:	0f 9e       	cmp	r14,	r15	
    455e:	fb 23       	jnz	$-8      	;abs 0x4556
    4560:	1e 42 80 01 	mov	&0x0180,r14	
    4564:	5e f3       	and.b	#1,	r14	;r3 As==01
    4566:	0a 24       	jz	$+22     	;abs 0x457c
    4568:	1c 53       	inc	r12		
    456a:	0d 63       	adc	r13		
    456c:	1f 42 90 01 	mov	&0x0190,r15	
    4570:	01 3c       	jmp	$+4      	;abs 0x4574
    4572:	0f 4e       	mov	r14,	r15	
    4574:	1e 42 90 01 	mov	&0x0190,r14	
    4578:	0f 9e       	cmp	r14,	r15	
    457a:	fb 23       	jnz	$-8      	;abs 0x4572
    457c:	12 c3       	clrc			
    457e:	0f 10       	rrc	r15		
    4580:	12 c3       	clrc			
    4582:	0f 10       	rrc	r15		
    4584:	12 c3       	clrc			
    4586:	0f 10       	rrc	r15		
    4588:	12 c3       	clrc			
    458a:	0f 10       	rrc	r15		
    458c:	12 c3       	clrc			
    458e:	0f 10       	rrc	r15		
    4590:	0a 4f       	mov	r15,	r10	
    4592:	0b 43       	clr	r11		
    4594:	0e 4c       	mov	r12,	r14	
    4596:	0f 4d       	mov	r13,	r15	
    4598:	4f ec       	xor.b	r12,	r15	
    459a:	0f ec       	xor	r12,	r15	
    459c:	8f 10       	swpb	r15		
    459e:	4e 4e       	mov.b	r14,	r14	
    45a0:	8e 10       	swpb	r14		
    45a2:	0e 5e       	rla	r14		
    45a4:	0f 6f       	rlc	r15		
    45a6:	0e 5e       	rla	r14		
    45a8:	0f 6f       	rlc	r15		
    45aa:	0e 5e       	rla	r14		
    45ac:	0f 6f       	rlc	r15		
    45ae:	0e da       	bis	r10,	r14	
    45b0:	0f db       	bis	r11,	r15	
    45b2:	09 93       	tst	r9		
    45b4:	01 24       	jz	$+4      	;abs 0x45b8
    45b6:	32 d2       	eint			
    45b8:	39 41       	pop	r9		
    45ba:	3a 41       	pop	r10		
    45bc:	3b 41       	pop	r11		
    45be:	30 41       	ret			

000045c0 <TransformAlarmC__0__set_alarm>:
    45c0:	0b 12       	push	r11		
    45c2:	0a 12       	push	r10		
    45c4:	b0 12 3a 45 	call	#0x453a	
    45c8:	1c 42 6e 11 	mov	&0x116e,r12	
    45cc:	1d 42 70 11 	mov	&0x1170,r13	
    45d0:	0a 4c       	mov	r12,	r10	
    45d2:	0b 4d       	mov	r13,	r11	
    45d4:	1a 52 68 11 	add	&0x1168,r10	
    45d8:	1b 62 6a 11 	addc	&0x116a,r11	
    45dc:	0f 9d       	cmp	r13,	r15	
    45de:	09 28       	jnc	$+20     	;abs 0x45f2
    45e0:	02 20       	jnz	$+6      	;abs 0x45e6
    45e2:	0e 9c       	cmp	r12,	r14	
    45e4:	06 28       	jnc	$+14     	;abs 0x45f2
    45e6:	0b 9d       	cmp	r13,	r11	
    45e8:	10 28       	jnc	$+34     	;abs 0x460a
    45ea:	09 20       	jnz	$+20     	;abs 0x45fe
    45ec:	0a 9c       	cmp	r12,	r10	
    45ee:	0d 28       	jnc	$+28     	;abs 0x460a
    45f0:	06 3c       	jmp	$+14     	;abs 0x45fe
    45f2:	0b 9d       	cmp	r13,	r11	
    45f4:	04 28       	jnc	$+10     	;abs 0x45fe
    45f6:	0d 9b       	cmp	r11,	r13	
    45f8:	27 28       	jnc	$+80     	;abs 0x4648
    45fa:	0a 9c       	cmp	r12,	r10	
    45fc:	25 2c       	jc	$+76     	;abs 0x4648
    45fe:	0f 9b       	cmp	r11,	r15	
    4600:	04 28       	jnc	$+10     	;abs 0x460a
    4602:	0b 9f       	cmp	r15,	r11	
    4604:	21 28       	jnc	$+68     	;abs 0x4648
    4606:	0e 9a       	cmp	r10,	r14	
    4608:	1f 2c       	jc	$+64     	;abs 0x4648
    460a:	0c 4a       	mov	r10,	r12	
    460c:	0d 4b       	mov	r11,	r13	
    460e:	0c 8e       	sub	r14,	r12	
    4610:	0d 7f       	subc	r15,	r13	
    4612:	0d 93       	tst	r13		
    4614:	03 20       	jnz	$+8      	;abs 0x461c
    4616:	3c 90 01 04 	cmp	#1025,	r12	;#0x0401
    461a:	18 28       	jnc	$+50     	;abs 0x464c
    461c:	0a 4e       	mov	r14,	r10	
    461e:	0b 4f       	mov	r15,	r11	
    4620:	3a 50 00 04 	add	#1024,	r10	;#0x0400
    4624:	0b 63       	adc	r11		
    4626:	82 4a 6e 11 	mov	r10,	&0x116e	
    462a:	82 4b 70 11 	mov	r11,	&0x1170	
    462e:	0a 4c       	mov	r12,	r10	
    4630:	0b 4d       	mov	r13,	r11	
    4632:	3a 50 00 fc 	add	#-1024,	r10	;#0xfc00
    4636:	3b 63       	addc	#-1,	r11	;r3 As==11
    4638:	82 4a 68 11 	mov	r10,	&0x1168	
    463c:	82 4b 6a 11 	mov	r11,	&0x116a	
    4640:	3c 40 00 04 	mov	#1024,	r12	;#0x0400
    4644:	0d 43       	clr	r13		
    4646:	0a 3c       	jmp	$+22     	;abs 0x465c
    4648:	0c 43       	clr	r12		
    464a:	0d 43       	clr	r13		
    464c:	82 4a 6e 11 	mov	r10,	&0x116e	
    4650:	82 4b 70 11 	mov	r11,	&0x1170	
    4654:	82 43 68 11 	mov	#0,	&0x1168	;r3 As==00
    4658:	82 43 6a 11 	mov	#0,	&0x116a	;r3 As==00
    465c:	0c 5c       	rla	r12		
    465e:	0c 5c       	rla	r12		
    4660:	0c 5c       	rla	r12		
    4662:	0c 5c       	rla	r12		
    4664:	0c 5c       	rla	r12		
    4666:	0e 5e       	rla	r14		
    4668:	0e 5e       	rla	r14		
    466a:	0e 5e       	rla	r14		
    466c:	0e 5e       	rla	r14		
    466e:	0e 5e       	rla	r14		
    4670:	1f 42 90 01 	mov	&0x0190,r15	
    4674:	01 3c       	jmp	$+4      	;abs 0x4678
    4676:	0f 4d       	mov	r13,	r15	
    4678:	1d 42 90 01 	mov	&0x0190,r13	
    467c:	0f 9d       	cmp	r13,	r15	
    467e:	fb 23       	jnz	$-8      	;abs 0x4676
    4680:	0b 4f       	mov	r15,	r11	
    4682:	0b 8e       	sub	r14,	r11	
    4684:	0b 9c       	cmp	r12,	r11	
    4686:	09 28       	jnc	$+20     	;abs 0x469a
    4688:	1f 42 90 01 	mov	&0x0190,r15	
    468c:	01 3c       	jmp	$+4      	;abs 0x4690
    468e:	0f 4e       	mov	r14,	r15	
    4690:	1e 42 90 01 	mov	&0x0190,r14	
    4694:	0f 9e       	cmp	r14,	r15	
    4696:	fb 23       	jnz	$-8      	;abs 0x468e
    4698:	0c 3c       	jmp	$+26     	;abs 0x46b2
    469a:	0c 8b       	sub	r11,	r12	
    469c:	3c 90 03 00 	cmp	#3,	r12	;#0x0003
    46a0:	0c 2c       	jc	$+26     	;abs 0x46ba
    46a2:	1f 42 90 01 	mov	&0x0190,r15	
    46a6:	01 3c       	jmp	$+4      	;abs 0x46aa
    46a8:	0f 4e       	mov	r14,	r15	
    46aa:	1e 42 90 01 	mov	&0x0190,r14	
    46ae:	0f 9e       	cmp	r14,	r15	
    46b0:	fb 23       	jnz	$-8      	;abs 0x46a8
    46b2:	2f 53       	incd	r15		
    46b4:	82 4f 92 01 	mov	r15,	&0x0192	
    46b8:	03 3c       	jmp	$+8      	;abs 0x46c0
    46ba:	0c 5f       	add	r15,	r12	
    46bc:	82 4c 92 01 	mov	r12,	&0x0192	
    46c0:	b2 f0 fe ff 82 01 	and	#-2,	&0x0182	;#0xfffe
    46c6:	b2 d0 10 00 82 01 	bis	#16,	&0x0182	;#0x0010
    46cc:	3a 41       	pop	r10		
    46ce:	3b 41       	pop	r11		
    46d0:	30 41       	ret			

000046d2 <Msp430TimerP__1__Event__fired>:
    46d2:	7f 92       	cmp.b	#8,	r15	;r2 As==11
    46d4:	51 2c       	jc	$+164    	;abs 0x4778
    46d6:	4f 4f       	mov.b	r15,	r15	
    46d8:	0f 5f       	rla	r15		
    46da:	10 4f f6 55 	br	22006(r15)	;0x55f6(r15)
    46de:	1f 42 82 01 	mov	&0x0182,r15	
    46e2:	8f 10       	swpb	r15		
    46e4:	5f f3       	and.b	#1,	r15	;r3 As==01
    46e6:	03 24       	jz	$+8      	;abs 0x46ee
    46e8:	1f 42 92 01 	mov	&0x0192,r15	
    46ec:	30 41       	ret			
    46ee:	b2 f0 ef ff 82 01 	and	#-17,	&0x0182	;#0xffef
    46f4:	82 93 68 11 	tst	&0x1168	
    46f8:	08 20       	jnz	$+18     	;abs 0x470a
    46fa:	82 93 6a 11 	tst	&0x116a	
    46fe:	05 20       	jnz	$+12     	;abs 0x470a
    4700:	7f 40 07 00 	mov.b	#7,	r15	;#0x0007
    4704:	b0 12 e0 44 	call	#0x44e0	
    4708:	30 41       	ret			
    470a:	b0 12 c0 45 	call	#0x45c0	
    470e:	30 41       	ret			
    4710:	1f 42 84 01 	mov	&0x0184,r15	
    4714:	8f 10       	swpb	r15		
    4716:	5f f3       	and.b	#1,	r15	;r3 As==01
    4718:	2f 24       	jz	$+96     	;abs 0x4778
    471a:	1f 42 94 01 	mov	&0x0194,r15	
    471e:	30 41       	ret			
    4720:	1f 42 86 01 	mov	&0x0186,r15	
    4724:	8f 10       	swpb	r15		
    4726:	5f f3       	and.b	#1,	r15	;r3 As==01
    4728:	27 24       	jz	$+80     	;abs 0x4778
    472a:	1f 42 96 01 	mov	&0x0196,r15	
    472e:	30 41       	ret			
    4730:	1f 42 88 01 	mov	&0x0188,r15	
    4734:	8f 10       	swpb	r15		
    4736:	5f f3       	and.b	#1,	r15	;r3 As==01
    4738:	1f 24       	jz	$+64     	;abs 0x4778
    473a:	1f 42 98 01 	mov	&0x0198,r15	
    473e:	30 41       	ret			
    4740:	1f 42 8a 01 	mov	&0x018a,r15	
    4744:	8f 10       	swpb	r15		
    4746:	5f f3       	and.b	#1,	r15	;r3 As==01
    4748:	17 24       	jz	$+48     	;abs 0x4778
    474a:	1f 42 9a 01 	mov	&0x019a,r15	
    474e:	30 41       	ret			
    4750:	1f 42 8c 01 	mov	&0x018c,r15	
    4754:	8f 10       	swpb	r15		
    4756:	5f f3       	and.b	#1,	r15	;r3 As==01
    4758:	0f 24       	jz	$+32     	;abs 0x4778
    475a:	1f 42 9c 01 	mov	&0x019c,r15	
    475e:	30 41       	ret			
    4760:	1f 42 8e 01 	mov	&0x018e,r15	
    4764:	8f 10       	swpb	r15		
    4766:	5f f3       	and.b	#1,	r15	;r3 As==01
    4768:	07 24       	jz	$+16     	;abs 0x4778
    476a:	1f 42 9e 01 	mov	&0x019e,r15	
    476e:	30 41       	ret			
    4770:	92 53 b2 11 	inc	&0x11b2	
    4774:	82 63 b4 11 	adc	&0x11b4	
    4778:	30 41       	ret			

0000477a <SerialP__MaybeScheduleTx>:
    477a:	0b 12       	push	r11		
    477c:	0b 42       	mov	r2,	r11	
    477e:	3b f2       	and	#8,	r11	;r2 As==11
    4780:	32 c2       	dint			
    4782:	03 43       	nop			
    4784:	c2 93 3e 12 	tst.b	&0x123e	
    4788:	07 20       	jnz	$+16     	;abs 0x4798
    478a:	4f 43       	clr.b	r15		
    478c:	b0 12 e0 44 	call	#0x44e0	
    4790:	0f 93       	tst	r15		
    4792:	02 20       	jnz	$+6      	;abs 0x4798
    4794:	d2 43 3e 12 	mov.b	#1,	&0x123e	;r3 As==01
    4798:	0b 93       	tst	r11		
    479a:	01 24       	jz	$+4      	;abs 0x479e
    479c:	32 d2       	eint			
    479e:	3b 41       	pop	r11		
    47a0:	30 41       	ret			

000047a2 <LedsP__Led0__set>:
    47a2:	0f 42       	mov	r2,	r15	
    47a4:	32 c2       	dint			
    47a6:	03 43       	nop			
    47a8:	f2 d0 10 00 31 00 	bis.b	#16,	&0x0031	;#0x0010
    47ae:	3f f2       	and	#8,	r15	;r2 As==11
    47b0:	01 24       	jz	$+4      	;abs 0x47b4
    47b2:	32 d2       	eint			
    47b4:	30 41       	ret			

000047b6 <LedsP__Led1__set>:
    47b6:	0f 42       	mov	r2,	r15	
    47b8:	32 c2       	dint			
    47ba:	03 43       	nop			
    47bc:	f2 d0 20 00 31 00 	bis.b	#32,	&0x0031	;#0x0020
    47c2:	3f f2       	and	#8,	r15	;r2 As==11
    47c4:	01 24       	jz	$+4      	;abs 0x47c8
    47c6:	32 d2       	eint			
    47c8:	30 41       	ret			

000047ca <LedsP__Led2__set>:
    47ca:	0f 42       	mov	r2,	r15	
    47cc:	32 c2       	dint			
    47ce:	03 43       	nop			
    47d0:	f2 d0 40 00 31 00 	bis.b	#64,	&0x0031	;#0x0040
    47d6:	3f f2       	and	#8,	r15	;r2 As==11
    47d8:	01 24       	jz	$+4      	;abs 0x47dc
    47da:	32 d2       	eint			
    47dc:	30 41       	ret			

000047de <SerialP__ack_queue_is_empty>:
    47de:	0e 42       	mov	r2,	r14	
    47e0:	32 c2       	dint			
    47e2:	03 43       	nop			
    47e4:	5f 43       	mov.b	#1,	r15	;r3 As==01
    47e6:	d2 92 ab 11 aa 11 	cmp.b	&0x11ab,&0x11aa	
    47ec:	01 24       	jz	$+4      	;abs 0x47f0
    47ee:	4f 43       	clr.b	r15		
    47f0:	3e f2       	and	#8,	r14	;r2 As==11
    47f2:	01 24       	jz	$+4      	;abs 0x47f6
    47f4:	32 d2       	eint			
    47f6:	30 41       	ret			

000047f8 <SchedulerBasicP__popTask.part.37>:
    47f8:	5f 42 38 12 	mov.b	&0x1238,r15	
    47fc:	4e 4f       	mov.b	r15,	r14	
    47fe:	3e 50 52 11 	add	#4434,	r14	;#0x1152
    4802:	6d 4e       	mov.b	@r14,	r13	
    4804:	c2 4d 38 12 	mov.b	r13,	&0x1238	
    4808:	7d 93       	cmp.b	#-1,	r13	;r3 As==11
    480a:	02 20       	jnz	$+6      	;abs 0x4810
    480c:	f2 43 4e 12 	mov.b	#-1,	&0x124e	;r3 As==11
    4810:	fe 43 00 00 	mov.b	#-1,	0(r14)	;r3 As==11, 0x0000(r14)
    4814:	30 41       	ret			

00004816 <Msp430TimerP__0__Event__fired>:
    4816:	5f 93       	cmp.b	#1,	r15	;r3 As==01
    4818:	0c 24       	jz	$+26     	;abs 0x4832
    481a:	03 28       	jnc	$+8      	;abs 0x4822
    481c:	6f 93       	cmp.b	#2,	r15	;r3 As==10
    481e:	18 20       	jnz	$+50     	;abs 0x4850
    4820:	10 3c       	jmp	$+34     	;abs 0x4842
    4822:	1f 42 62 01 	mov	&0x0162,r15	
    4826:	8f 10       	swpb	r15		
    4828:	5f f3       	and.b	#1,	r15	;r3 As==01
    482a:	12 24       	jz	$+38     	;abs 0x4850
    482c:	1f 42 72 01 	mov	&0x0172,r15	
    4830:	30 41       	ret			
    4832:	1f 42 64 01 	mov	&0x0164,r15	
    4836:	8f 10       	swpb	r15		
    4838:	5f f3       	and.b	#1,	r15	;r3 As==01
    483a:	0a 24       	jz	$+22     	;abs 0x4850
    483c:	1f 42 74 01 	mov	&0x0174,r15	
    4840:	30 41       	ret			
    4842:	1f 42 66 01 	mov	&0x0166,r15	
    4846:	8f 10       	swpb	r15		
    4848:	5f f3       	and.b	#1,	r15	;r3 As==01
    484a:	02 24       	jz	$+6      	;abs 0x4850
    484c:	1f 42 76 01 	mov	&0x0176,r15	
    4850:	30 41       	ret			

00004852 <SerialP__ReceiveBytePacket__endPacket>:
    4852:	c2 93 34 11 	tst.b	&0x1134	
    4856:	2b 20       	jnz	$+88     	;abs 0x48ae
    4858:	0f 93       	tst	r15		
    485a:	29 20       	jnz	$+84     	;abs 0x48ae
    485c:	d2 43 34 11 	mov.b	#1,	&0x1134	;r3 As==01
    4860:	d2 42 0a 11 32 11 	mov.b	&0x110a,&0x1132	
    4866:	d2 b3 46 11 	bit.b	#1,	&0x1146	;r3 As==01
    486a:	0f 6f       	rlc	r15		
    486c:	c2 4f 50 11 	mov.b	r15,	&0x1150	
    4870:	92 42 04 11 30 11 	mov	&0x1104,&0x1130	
    4876:	d2 42 44 11 2e 11 	mov.b	&0x1144,&0x112e	
    487c:	5e 42 46 11 	mov.b	&0x1146,r14	
    4880:	5e f3       	and.b	#1,	r14	;r3 As==01
    4882:	5f 43       	mov.b	#1,	r15	;r3 As==01
    4884:	01 24       	jz	$+4      	;abs 0x4888
    4886:	4f 43       	clr.b	r15		
    4888:	5e 42 46 11 	mov.b	&0x1146,r14	
    488c:	7e f0 fe ff 	and.b	#-2,	r14	;#0xfffe
    4890:	4e df       	bis.b	r15,	r14	
    4892:	1f f3       	and	#1,	r15	;r3 As==01
    4894:	0f 5f       	rla	r15		
    4896:	92 4f 06 11 04 11 	mov	4358(r15),&0x1104	;0x1106(r15)
    489c:	7e f0 e7 ff 	and.b	#-25,	r14	;#0xffe7
    48a0:	c2 4e 46 11 	mov.b	r14,	&0x1146	
    48a4:	7f 40 05 00 	mov.b	#5,	r15	;#0x0005
    48a8:	b0 12 e0 44 	call	#0x44e0	
    48ac:	30 41       	ret			
    48ae:	d2 b3 46 11 	bit.b	#1,	&0x1146	;r3 As==01
    48b2:	0f 43       	clr	r15		
    48b4:	0f 6f       	rlc	r15		
    48b6:	5e 42 46 11 	mov.b	&0x1146,r14	
    48ba:	4f 93       	tst.b	r15		
    48bc:	03 24       	jz	$+8      	;abs 0x48c4
    48be:	7e f0 fb ff 	and.b	#-5,	r14	;#0xfffb
    48c2:	02 3c       	jmp	$+6      	;abs 0x48c8
    48c4:	7e f0 fd ff 	and.b	#-3,	r14	;#0xfffd
    48c8:	c2 4e 46 11 	mov.b	r14,	&0x1146	
    48cc:	30 41       	ret			

000048ce <SerialP__testOff>:
    48ce:	f2 90 0a 00 26 12 	cmp.b	#10,	&0x1226	;#0x000a
    48d4:	03 20       	jnz	$+8      	;abs 0x48dc
    48d6:	e2 92 62 11 	cmp.b	#4,	&0x1162	;r2 As==10
    48da:	03 24       	jz	$+8      	;abs 0x48e2
    48dc:	d2 43 48 11 	mov.b	#1,	&0x1148	;r3 As==01
    48e0:	30 41       	ret			
    48e2:	6f 43       	mov.b	#2,	r15	;r3 As==10
    48e4:	b0 12 e0 44 	call	#0x44e0	
    48e8:	c2 43 48 11 	mov.b	#0,	&0x1148	;r3 As==00
    48ec:	30 41       	ret			

000048ee <SerialP__rx_state_machine>:
    48ee:	0b 12       	push	r11		
    48f0:	0a 12       	push	r10		
    48f2:	4b 4f       	mov.b	r15,	r11	
    48f4:	4a 4e       	mov.b	r14,	r10	
    48f6:	5f 42 62 11 	mov.b	&0x1162,r15	
    48fa:	5f 93       	cmp.b	#1,	r15	;r3 As==01
    48fc:	0f 24       	jz	$+32     	;abs 0x491c
    48fe:	06 28       	jnc	$+14     	;abs 0x490c
    4900:	6f 93       	cmp.b	#2,	r15	;r3 As==10
    4902:	40 24       	jz	$+130    	;abs 0x4984
    4904:	7f 90 03 00 	cmp.b	#3,	r15	;#0x0003
    4908:	ef 20       	jnz	$+480    	;abs 0x4ae8
    490a:	4a 3c       	jmp	$+150    	;abs 0x49a0
    490c:	4b 93       	tst.b	r11		
    490e:	02 20       	jnz	$+6      	;abs 0x4914
    4910:	30 40 28 4b 	br	#0x4b28	
    4914:	b0 12 24 44 	call	#0x4424	
    4918:	30 40 0c 4b 	br	#0x4b0c	
    491c:	4b 93       	tst.b	r11		
    491e:	02 24       	jz	$+6      	;abs 0x4924
    4920:	30 40 28 4b 	br	#0x4b28	
    4924:	c2 4e 32 12 	mov.b	r14,	&0x1232	
    4928:	4f 4e       	mov.b	r14,	r15	
    492a:	7f 50 bc ff 	add.b	#-68,	r15	;#0xffbc
    492e:	6f 93       	cmp.b	#2,	r15	;r3 As==10
    4930:	db 2c       	jc	$+440    	;abs 0x4ae8
    4932:	ef 3c       	jmp	$+480    	;abs 0x4b12
    4934:	e2 43 62 11 	mov.b	#2,	&0x1162	;r3 As==10
    4938:	03 3c       	jmp	$+8      	;abs 0x4940
    493a:	f2 40 03 00 62 11 	mov.b	#3,	&0x1162	;#0x0003
    4940:	5d 42 46 11 	mov.b	&0x1146,r13	
    4944:	5d f3       	and.b	#1,	r13	;r3 As==01
    4946:	03 24       	jz	$+8      	;abs 0x494e
    4948:	e2 b2 46 11 	bit.b	#4,	&0x1146	;r2 As==10
    494c:	02 3c       	jmp	$+6      	;abs 0x4952
    494e:	e2 b3 46 11 	bit.b	#2,	&0x1146	;r3 As==10
    4952:	0e 43       	clr	r14		
    4954:	0e 6e       	rlc	r14		
    4956:	4e 93       	tst.b	r14		
    4958:	c7 20       	jnz	$+400    	;abs 0x4ae8
    495a:	5f 42 46 11 	mov.b	&0x1146,r15	
    495e:	4d 93       	tst.b	r13		
    4960:	02 24       	jz	$+6      	;abs 0x4966
    4962:	6f d2       	bis.b	#4,	r15	;r2 As==10
    4964:	01 3c       	jmp	$+4      	;abs 0x4968
    4966:	6f d3       	bis.b	#2,	r15	;r3 As==10
    4968:	c2 4f 46 11 	mov.b	r15,	&0x1146	
    496c:	5f 42 46 11 	mov.b	&0x1146,r15	
    4970:	7f f0 e7 ff 	and.b	#-25,	r15	;#0xffe7
    4974:	7f d2       	bis.b	#8,	r15	;r2 As==11
    4976:	c2 4f 46 11 	mov.b	r15,	&0x1146	
    497a:	c2 43 44 11 	mov.b	#0,	&0x1144	;r3 As==00
    497e:	f2 43 0a 11 	mov.b	#-1,	&0x110a	;r3 As==11
    4982:	d2 3c       	jmp	$+422    	;abs 0x4b28
    4984:	4b 93       	tst.b	r11		
    4986:	b0 20       	jnz	$+354    	;abs 0x4ae8
    4988:	c2 4e 63 11 	mov.b	r14,	&0x1163	
    498c:	1f 42 b6 11 	mov	&0x11b6,r15	
    4990:	b0 12 9c 44 	call	#0x449c	
    4994:	82 4f b6 11 	mov	r15,	&0x11b6	
    4998:	f2 40 03 00 62 11 	mov.b	#3,	&0x1162	;#0x0003
    499e:	c4 3c       	jmp	$+394    	;abs 0x4b28
    49a0:	5f 42 29 12 	mov.b	&0x1229,r15	
    49a4:	7f 93       	cmp.b	#-1,	r15	;r3 As==11
    49a6:	a0 24       	jz	$+322    	;abs 0x4ae8
    49a8:	4b 93       	tst.b	r11		
    49aa:	45 24       	jz	$+140    	;abs 0x4a36
    49ac:	6f 93       	cmp.b	#2,	r15	;r3 As==10
    49ae:	9c 28       	jnc	$+314    	;abs 0x4ae8
    49b0:	5f 42 2c 12 	mov.b	&0x122c,r15	
    49b4:	4f 93       	tst.b	r15		
    49b6:	02 24       	jz	$+6      	;abs 0x49bc
    49b8:	7f 53       	add.b	#-1,	r15	;r3 As==11
    49ba:	01 3c       	jmp	$+4      	;abs 0x49be
    49bc:	6f 43       	mov.b	#2,	r15	;r3 As==10
    49be:	4e 4f       	mov.b	r15,	r14	
    49c0:	5e 4e 2e 12 	mov.b	4654(r14),r14	;0x122e(r14)
    49c4:	8e 10       	swpb	r14		
    49c6:	4f 93       	tst.b	r15		
    49c8:	02 24       	jz	$+6      	;abs 0x49ce
    49ca:	7f 53       	add.b	#-1,	r15	;r3 As==11
    49cc:	01 3c       	jmp	$+4      	;abs 0x49d0
    49ce:	6f 43       	mov.b	#2,	r15	;r3 As==10
    49d0:	4f 4f       	mov.b	r15,	r15	
    49d2:	5f 4f 2e 12 	mov.b	4654(r15),r15	;0x122e(r15)
    49d6:	0f de       	bis	r14,	r15	
    49d8:	1f 92 b6 11 	cmp	&0x11b6,r15	
    49dc:	85 20       	jnz	$+268    	;abs 0x4ae8
    49de:	0f 43       	clr	r15		
    49e0:	b0 12 52 48 	call	#0x4852	
    49e4:	f2 90 44 00 32 12 	cmp.b	#68,	&0x1232	;#0x0044
    49ea:	1c 20       	jnz	$+58     	;abs 0x4a24
    49ec:	5c 42 63 11 	mov.b	&0x1163,r12	
    49f0:	5e 42 aa 11 	mov.b	&0x11aa,r14	
    49f4:	5b 42 ab 11 	mov.b	&0x11ab,r11	
    49f8:	4f 4e       	mov.b	r14,	r15	
    49fa:	5f 53       	inc.b	r15		
    49fc:	7f 90 06 00 	cmp.b	#6,	r15	;#0x0006
    4a00:	02 2c       	jc	$+6      	;abs 0x4a06
    4a02:	4d 4f       	mov.b	r15,	r13	
    4a04:	01 3c       	jmp	$+4      	;abs 0x4a08
    4a06:	4d 43       	clr.b	r13		
    4a08:	4d 9b       	cmp.b	r11,	r13	
    4a0a:	0c 24       	jz	$+26     	;abs 0x4a24
    4a0c:	4e 4e       	mov.b	r14,	r14	
    4a0e:	ce 4c ac 11 	mov.b	r12,	4524(r14);0x11ac(r14)
    4a12:	c2 4f aa 11 	mov.b	r15,	&0x11aa	
    4a16:	7f 90 06 00 	cmp.b	#6,	r15	;#0x0006
    4a1a:	02 28       	jnc	$+6      	;abs 0x4a20
    4a1c:	c2 43 aa 11 	mov.b	#0,	&0x11aa	;r3 As==00
    4a20:	b0 12 7a 47 	call	#0x477a	
    4a24:	b0 12 24 44 	call	#0x4424	
    4a28:	f2 f0 fd ff 2c 11 	and.b	#-3,	&0x112c	;#0xfffd
    4a2e:	c2 93 48 11 	tst.b	&0x1148	
    4a32:	7a 24       	jz	$+246    	;abs 0x4b28
    4a34:	64 3c       	jmp	$+202    	;abs 0x4afe
    4a36:	6f 93       	cmp.b	#2,	r15	;r3 As==10
    4a38:	46 28       	jnc	$+142    	;abs 0x4ac6
    4a3a:	5f 42 2d 12 	mov.b	&0x122d,r15	
    4a3e:	5e 4f 2e 12 	mov.b	4654(r15),r14	;0x122e(r15)
    4a42:	5f 42 46 11 	mov.b	&0x1146,r15	
    4a46:	12 c3       	clrc			
    4a48:	4f 10       	rrc.b	r15		
    4a4a:	12 c3       	clrc			
    4a4c:	4f 10       	rrc.b	r15		
    4a4e:	12 c3       	clrc			
    4a50:	4f 10       	rrc.b	r15		
    4a52:	3f f0 03 00 	and	#3,	r15	;#0x0003
    4a56:	1f 93       	cmp	#1,	r15	;r3 As==01
    4a58:	03 24       	jz	$+8      	;abs 0x4a60
    4a5a:	2f 93       	cmp	#2,	r15	;r3 As==10
    4a5c:	20 20       	jnz	$+66     	;abs 0x4a9e
    4a5e:	13 3c       	jmp	$+40     	;abs 0x4a86
    4a60:	5f 42 46 11 	mov.b	&0x1146,r15	
    4a64:	7f f0 e7 ff 	and.b	#-25,	r15	;#0xffe7
    4a68:	7f d0 10 00 	bis.b	#16,	r15	;#0x0010
    4a6c:	c2 4f 46 11 	mov.b	r15,	&0x1146	
    4a70:	4e 93       	tst.b	r14		
    4a72:	02 24       	jz	$+6      	;abs 0x4a78
    4a74:	4f 43       	clr.b	r15		
    4a76:	02 3c       	jmp	$+6      	;abs 0x4a7c
    4a78:	7f 40 05 00 	mov.b	#5,	r15	;#0x0005
    4a7c:	c2 4f 44 11 	mov.b	r15,	&0x1144	
    4a80:	c2 4e 0a 11 	mov.b	r14,	&0x110a	
    4a84:	0c 3c       	jmp	$+26     	;abs 0x4a9e
    4a86:	5f 42 44 11 	mov.b	&0x1144,r15	
    4a8a:	7f 90 34 00 	cmp.b	#52,	r15	;#0x0034
    4a8e:	07 2c       	jc	$+16     	;abs 0x4a9e
    4a90:	4f 4f       	mov.b	r15,	r15	
    4a92:	1f 52 04 11 	add	&0x1104,r15	
    4a96:	cf 4e 00 00 	mov.b	r14,	0(r15)	;0x0000(r15)
    4a9a:	d2 53 44 11 	inc.b	&0x1144	
    4a9e:	5d 42 2d 12 	mov.b	&0x122d,r13	
    4aa2:	4f 4d       	mov.b	r13,	r15	
    4aa4:	5e 4f 2e 12 	mov.b	4654(r15),r14	;0x122e(r15)
    4aa8:	4f 4d       	mov.b	r13,	r15	
    4aaa:	5f 53       	inc.b	r15		
    4aac:	c2 4f 2d 12 	mov.b	r15,	&0x122d	
    4ab0:	7f 90 03 00 	cmp.b	#3,	r15	;#0x0003
    4ab4:	02 28       	jnc	$+6      	;abs 0x4aba
    4ab6:	c2 43 2d 12 	mov.b	#0,	&0x122d	;r3 As==00
    4aba:	1f 42 b6 11 	mov	&0x11b6,r15	
    4abe:	b0 12 9c 44 	call	#0x449c	
    4ac2:	82 4f b6 11 	mov	r15,	&0x11b6	
    4ac6:	5e 42 2c 12 	mov.b	&0x122c,r14	
    4aca:	4f 4e       	mov.b	r14,	r15	
    4acc:	cf 4a 2e 12 	mov.b	r10,	4654(r15);0x122e(r15)
    4ad0:	4f 4e       	mov.b	r14,	r15	
    4ad2:	5f 53       	inc.b	r15		
    4ad4:	c2 4f 2c 12 	mov.b	r15,	&0x122c	
    4ad8:	7f 90 03 00 	cmp.b	#3,	r15	;#0x0003
    4adc:	02 28       	jnc	$+6      	;abs 0x4ae2
    4ade:	c2 43 2c 12 	mov.b	#0,	&0x122c	;r3 As==00
    4ae2:	d2 53 29 12 	inc.b	&0x1229	
    4ae6:	20 3c       	jmp	$+66     	;abs 0x4b28
    4ae8:	b0 12 24 44 	call	#0x4424	
    4aec:	f2 f0 fd ff 2c 11 	and.b	#-3,	&0x112c	;#0xfffd
    4af2:	1f 43       	mov	#1,	r15	;r3 As==01
    4af4:	b0 12 52 48 	call	#0x4852	
    4af8:	c2 93 48 11 	tst.b	&0x1148	
    4afc:	05 24       	jz	$+12     	;abs 0x4b08
    4afe:	e2 42 62 11 	mov.b	#4,	&0x1162	;r2 As==10
    4b02:	b0 12 ce 48 	call	#0x48ce	
    4b06:	10 3c       	jmp	$+34     	;abs 0x4b28
    4b08:	4b 93       	tst.b	r11		
    4b0a:	0e 24       	jz	$+30     	;abs 0x4b28
    4b0c:	d2 43 62 11 	mov.b	#1,	&0x1162	;r3 As==01
    4b10:	0b 3c       	jmp	$+24     	;abs 0x4b28
    4b12:	1f 42 b6 11 	mov	&0x11b6,r15	
    4b16:	b0 12 9c 44 	call	#0x449c	
    4b1a:	82 4f b6 11 	mov	r15,	&0x11b6	
    4b1e:	7a 90 44 00 	cmp.b	#68,	r10	;#0x0044
    4b22:	0b 23       	jnz	$-488    	;abs 0x493a
    4b24:	30 40 34 49 	br	#0x4934	
    4b28:	3a 41       	pop	r10		
    4b2a:	3b 41       	pop	r11		
    4b2c:	30 41       	ret			

00004b2e <Msp430UartP__0__UsartResource__isOwner.part.76>:
    4b2e:	0e 42       	mov	r2,	r14	
    4b30:	3e f2       	and	#8,	r14	;r2 As==11
    4b32:	32 c2       	dint			
    4b34:	03 43       	nop			
    4b36:	c2 93 01 11 	tst.b	&0x1101	
    4b3a:	04 20       	jnz	$+10     	;abs 0x4b44
    4b3c:	1f 43       	mov	#1,	r15	;r3 As==01
    4b3e:	a2 92 60 11 	cmp	#4,	&0x1160	;r2 As==10
    4b42:	01 24       	jz	$+4      	;abs 0x4b46
    4b44:	0f 43       	clr	r15		
    4b46:	4f 4f       	mov.b	r15,	r15	
    4b48:	0e 93       	tst	r14		
    4b4a:	01 24       	jz	$+4      	;abs 0x4b4e
    4b4c:	32 d2       	eint			
    4b4e:	30 41       	ret			

00004b50 <HdlcTranslateC__UartStream__send.constprop.83>:
    4b50:	b0 12 2e 4b 	call	#0x4b2e	
    4b54:	4f 93       	tst.b	r15		
    4b56:	11 24       	jz	$+36     	;abs 0x4b7a
    4b58:	82 93 3c 12 	tst	&0x123c	
    4b5c:	10 20       	jnz	$+34     	;abs 0x4b7e
    4b5e:	b2 40 5b 11 3c 12 	mov	#4443,	&0x123c	;#0x115b
    4b64:	92 43 2a 12 	mov	#1,	&0x122a	;r3 As==01
    4b68:	c2 43 4e 11 	mov.b	#0,	&0x114e	;r3 As==00
    4b6c:	92 43 64 11 	mov	#1,	&0x1164	;r3 As==01
    4b70:	d2 42 5b 11 7f 00 	mov.b	&0x115b,&0x007f	
    4b76:	0f 43       	clr	r15		
    4b78:	30 41       	ret			
    4b7a:	1f 43       	mov	#1,	r15	;r3 As==01
    4b7c:	30 41       	ret			
    4b7e:	3f 40 05 00 	mov	#5,	r15	;#0x0005
    4b82:	30 41       	ret			

00004b84 <SerialP__SerialFrameComm__putDelimiter>:
    4b84:	0f 42       	mov	r2,	r15	
    4b86:	32 c2       	dint			
    4b88:	03 43       	nop			
    4b8a:	f2 f0 fe ff 2c 11 	and.b	#-2,	&0x112c	;#0xfffe
    4b90:	f2 40 7e 00 5b 11 	mov.b	#126,	&0x115b	;#0x007e
    4b96:	3f f2       	and	#8,	r15	;r2 As==11
    4b98:	01 24       	jz	$+4      	;abs 0x4b9c
    4b9a:	32 d2       	eint			
    4b9c:	b0 12 50 4b 	call	#0x4b50	
    4ba0:	30 41       	ret			

00004ba2 <SerialP__SerialFrameComm__putData>:
    4ba2:	4e 4f       	mov.b	r15,	r14	
    4ba4:	7e 50 83 ff 	add.b	#-125,	r14	;#0xff83
    4ba8:	6e 93       	cmp.b	#2,	r14	;r3 As==10
    4baa:	0a 2c       	jc	$+22     	;abs 0x4bc0
    4bac:	d2 d3 2c 11 	bis.b	#1,	&0x112c	;r3 As==01
    4bb0:	7f e0 20 00 	xor.b	#32,	r15	;#0x0020
    4bb4:	c2 4f 28 12 	mov.b	r15,	&0x1228	
    4bb8:	f2 40 7d 00 5b 11 	mov.b	#125,	&0x115b	;#0x007d
    4bbe:	02 3c       	jmp	$+6      	;abs 0x4bc4
    4bc0:	c2 4f 5b 11 	mov.b	r15,	&0x115b	
    4bc4:	b0 12 50 4b 	call	#0x4b50	
    4bc8:	30 41       	ret			

00004bca <HdlcTranslateC__UartStream__sendDone.isra.78>:
    4bca:	0b 12       	push	r11		
    4bcc:	0a 12       	push	r10		
    4bce:	09 12       	push	r9		
    4bd0:	d2 b3 2c 11 	bit.b	#1,	&0x112c	;r3 As==01
    4bd4:	09 24       	jz	$+20     	;abs 0x4be8
    4bd6:	f2 f0 fe ff 2c 11 	and.b	#-2,	&0x112c	;#0xfffe
    4bdc:	d2 42 28 12 5b 11 	mov.b	&0x1228,&0x115b	
    4be2:	b0 12 50 4b 	call	#0x4b50	
    4be6:	87 3c       	jmp	$+272    	;abs 0x4cf6
    4be8:	5f 42 26 12 	mov.b	&0x1226,r15	
    4bec:	7f 53       	add.b	#-1,	r15	;r3 As==11
    4bee:	7f 92       	cmp.b	#8,	r15	;r2 As==11
    4bf0:	7d 2c       	jc	$+252    	;abs 0x4cec
    4bf2:	4f 4f       	mov.b	r15,	r15	
    4bf4:	0f 5f       	rla	r15		
    4bf6:	10 4f 06 56 	br	22022(r15)	;0x5606(r15)
    4bfa:	5f 42 6c 11 	mov.b	&0x116c,r15	
    4bfe:	b0 12 a2 4b 	call	#0x4ba2	
    4c02:	0b 4f       	mov	r15,	r11	
    4c04:	f2 40 03 00 26 12 	mov.b	#3,	&0x1226	;#0x0003
    4c0a:	5e 42 6c 11 	mov.b	&0x116c,r14	
    4c0e:	0a 3c       	jmp	$+22     	;abs 0x4c24
    4c10:	5f 42 39 12 	mov.b	&0x1239,r15	
    4c14:	b0 12 a2 4b 	call	#0x4ba2	
    4c18:	0b 4f       	mov	r15,	r11	
    4c1a:	f2 40 03 00 26 12 	mov.b	#3,	&0x1226	;#0x0003
    4c20:	5e 42 39 12 	mov.b	&0x1239,r14	
    4c24:	1f 42 50 12 	mov	&0x1250,r15	
    4c28:	b0 12 9c 44 	call	#0x449c	
    4c2c:	82 4f 50 12 	mov	r15,	&0x1250	
    4c30:	5b 3c       	jmp	$+184    	;abs 0x4ce8
    4c32:	5f 42 b8 11 	mov.b	&0x11b8,r15	
    4c36:	0f 5f       	rla	r15		
    4c38:	3f 50 72 11 	add	#4466,	r15	;#0x1172
    4c3c:	5f 4f 01 00 	mov.b	1(r15),	r15	;0x0001(r15)
    4c40:	b0 12 a2 4b 	call	#0x4ba2	
    4c44:	0b 4f       	mov	r15,	r11	
    4c46:	59 42 b8 11 	mov.b	&0x11b8,r9	
    4c4a:	4a 49       	mov.b	r9,	r10	
    4c4c:	0d 4a       	mov	r10,	r13	
    4c4e:	0d 5d       	rla	r13		
    4c50:	3d 50 72 11 	add	#4466,	r13	;#0x1172
    4c54:	5e 4d 01 00 	mov.b	1(r13),	r14	;0x0001(r13)
    4c58:	1f 42 50 12 	mov	&0x1250,r15	
    4c5c:	b0 12 9c 44 	call	#0x449c	
    4c60:	82 4f 50 12 	mov	r15,	&0x1250	
    4c64:	5d 42 67 11 	mov.b	&0x1167,r13	
    4c68:	5d 53       	inc.b	r13		
    4c6a:	c2 4d 67 11 	mov.b	r13,	&0x1167	
    4c6e:	59 93       	cmp.b	#1,	r9	;r3 As==01
    4c70:	1b 20       	jnz	$+56     	;abs 0x4ca8
    4c72:	5e 42 3c 11 	mov.b	&0x113c,r14	
    4c76:	4f 4e       	mov.b	r14,	r15	
    4c78:	1f 52 42 11 	add	&0x1142,r15	
    4c7c:	6f 4f       	mov.b	@r15,	r15	
    4c7e:	5e 53       	inc.b	r14		
    4c80:	c2 4e 3c 11 	mov.b	r14,	&0x113c	
    4c84:	c2 9e 3e 11 	cmp.b	r14,	&0x113e	
    4c88:	03 2c       	jc	$+8      	;abs 0x4c90
    4c8a:	e2 43 74 11 	mov.b	#2,	&0x1174	;r3 As==10
    4c8e:	4f 43       	clr.b	r15		
    4c90:	0e 4a       	mov	r10,	r14	
    4c92:	0e 5e       	rla	r14		
    4c94:	3e 50 72 11 	add	#4466,	r14	;#0x1172
    4c98:	ee 93 00 00 	cmp.b	#2,	0(r14)	;r3 As==10, 0x0000(r14)
    4c9c:	05 24       	jz	$+12     	;abs 0x4ca8
    4c9e:	7d 93       	cmp.b	#-1,	r13	;r3 As==11
    4ca0:	03 24       	jz	$+8      	;abs 0x4ca8
    4ca2:	ce 4f 01 00 	mov.b	r15,	1(r14)	;0x0001(r14)
    4ca6:	20 3c       	jmp	$+66     	;abs 0x4ce8
    4ca8:	e2 42 26 12 	mov.b	#4,	&0x1226	;r2 As==10
    4cac:	1d 3c       	jmp	$+60     	;abs 0x4ce8
    4cae:	5f 42 50 12 	mov.b	&0x1250,r15	
    4cb2:	b0 12 a2 4b 	call	#0x4ba2	
    4cb6:	0b 4f       	mov	r15,	r11	
    4cb8:	f2 40 05 00 26 12 	mov.b	#5,	&0x1226	;#0x0005
    4cbe:	14 3c       	jmp	$+42     	;abs 0x4ce8
    4cc0:	1f 42 50 12 	mov	&0x1250,r15	
    4cc4:	8f 10       	swpb	r15		
    4cc6:	b0 12 a2 4b 	call	#0x4ba2	
    4cca:	0b 4f       	mov	r15,	r11	
    4ccc:	f2 40 06 00 26 12 	mov.b	#6,	&0x1226	;#0x0006
    4cd2:	0a 3c       	jmp	$+22     	;abs 0x4ce8
    4cd4:	b0 12 84 4b 	call	#0x4b84	
    4cd8:	0b 4f       	mov	r15,	r11	
    4cda:	f2 40 07 00 26 12 	mov.b	#7,	&0x1226	;#0x0007
    4ce0:	03 3c       	jmp	$+8      	;abs 0x4ce8
    4ce2:	f2 42 26 12 	mov.b	#8,	&0x1226	;r2 As==11
    4ce6:	05 3c       	jmp	$+12     	;abs 0x4cf2
    4ce8:	0b 93       	tst	r11		
    4cea:	05 24       	jz	$+12     	;abs 0x4cf6
    4cec:	f2 40 09 00 26 12 	mov.b	#9,	&0x1226	;#0x0009
    4cf2:	b0 12 7a 47 	call	#0x477a	
    4cf6:	39 41       	pop	r9		
    4cf8:	3a 41       	pop	r10		
    4cfa:	3b 41       	pop	r11		
    4cfc:	30 41       	ret			

00004cfe <VirtualizeTimerImplP__0__fireTimers>:
    4cfe:	0b 12       	push	r11		
    4d00:	0a 12       	push	r10		
    4d02:	09 12       	push	r9		
    4d04:	59 42 4c 12 	mov.b	&0x124c,r9	
    4d08:	69 b3       	bit.b	#2,	r9	;r3 As==10
    4d0a:	b1 24       	jz	$+356    	;abs 0x4e6e
    4d0c:	1a 42 40 12 	mov	&0x1240,r10	
    4d10:	1b 42 42 12 	mov	&0x1242,r11	
    4d14:	1c 42 44 12 	mov	&0x1244,r12	
    4d18:	1d 42 46 12 	mov	&0x1246,r13	
    4d1c:	0e 8a       	sub	r10,	r14	
    4d1e:	0f 7b       	subc	r11,	r15	
    4d20:	0f 9d       	cmp	r13,	r15	
    4d22:	a5 28       	jnc	$+332    	;abs 0x4e6e
    4d24:	02 20       	jnz	$+6      	;abs 0x4d2a
    4d26:	0e 9c       	cmp	r12,	r14	
    4d28:	a2 28       	jnc	$+326    	;abs 0x4e6e
    4d2a:	59 b3       	bit.b	#1,	r9	;r3 As==01
    4d2c:	05 24       	jz	$+12     	;abs 0x4d38
    4d2e:	79 f0 fd ff 	and.b	#-3,	r9	;#0xfffd
    4d32:	c2 49 4c 12 	mov.b	r9,	&0x124c	
    4d36:	08 3c       	jmp	$+18     	;abs 0x4d48
    4d38:	0e 4c       	mov	r12,	r14	
    4d3a:	0f 4d       	mov	r13,	r15	
    4d3c:	0e 5a       	add	r10,	r14	
    4d3e:	0f 6b       	addc	r11,	r15	
    4d40:	82 4e 40 12 	mov	r14,	&0x1240	
    4d44:	82 4f 42 12 	mov	r15,	&0x1242	
    4d48:	c2 93 4c 11 	tst.b	&0x114c	
    4d4c:	90 20       	jnz	$+290    	;abs 0x4e6e
    4d4e:	c2 43 4f 11 	mov.b	#0,	&0x114f	;r3 As==00
    4d52:	89 3c       	jmp	$+276    	;abs 0x4e66
    4d54:	c2 4f 83 11 	mov.b	r15,	&0x1183	
    4d58:	c2 43 82 11 	mov.b	#0,	&0x1182	;r3 As==00
    4d5c:	4d 43       	clr.b	r13		
    4d5e:	4a 4f       	mov.b	r15,	r10	
    4d60:	4c 4d       	mov.b	r13,	r12	
    4d62:	0e 4c       	mov	r12,	r14	
    4d64:	1e 53       	inc	r14		
    4d66:	0e 5e       	rla	r14		
    4d68:	3e 50 76 11 	add	#4470,	r14	;#0x1176
    4d6c:	0f 4a       	mov	r10,	r15	
    4d6e:	0f 5f       	rla	r15		
    4d70:	0f 5f       	rla	r15		
    4d72:	0f 5c       	add	r12,	r15	
    4d74:	0f 5f       	rla	r15		
    4d76:	1c 4f 0c 11 	mov	4364(r15),r12	;0x110c(r15)
    4d7a:	ce 4c 0d 00 	mov.b	r12,	13(r14)	;0x000d(r14)
    4d7e:	3e 50 0c 00 	add	#12,	r14	;#0x000c
    4d82:	8c 10       	swpb	r12		
    4d84:	ce 4c 00 00 	mov.b	r12,	0(r14)	;0x0000(r14)
    4d88:	5d 53       	inc.b	r13		
    4d8a:	6d 92       	cmp.b	#4,	r13	;r2 As==10
    4d8c:	e9 2b       	jnc	$-44     	;abs 0x4d60
    4d8e:	c2 4d 27 12 	mov.b	r13,	&0x1227	
    4d92:	0f 42       	mov	r2,	r15	
    4d94:	32 c2       	dint			
    4d96:	03 43       	nop			
    4d98:	f2 f0 ef ff 31 00 	and.b	#-17,	&0x0031	;#0xffef
    4d9e:	3f f2       	and	#8,	r15	;r2 As==11
    4da0:	01 24       	jz	$+4      	;abs 0x4da4
    4da2:	32 d2       	eint			
    4da4:	0f 42       	mov	r2,	r15	
    4da6:	32 c2       	dint			
    4da8:	03 43       	nop			
    4daa:	f2 f0 df ff 31 00 	and.b	#-33,	&0x0031	;#0xffdf
    4db0:	3f f2       	and	#8,	r15	;r2 As==11
    4db2:	01 24       	jz	$+4      	;abs 0x4db6
    4db4:	32 d2       	eint			
    4db6:	0f 42       	mov	r2,	r15	
    4db8:	32 c2       	dint			
    4dba:	03 43       	nop			
    4dbc:	f2 f0 bf ff 31 00 	and.b	#-65,	&0x0031	;#0xffbf
    4dc2:	3f f2       	and	#8,	r15	;r2 As==11
    4dc4:	01 24       	jz	$+4      	;abs 0x4dc8
    4dc6:	32 d2       	eint			
    4dc8:	f2 43 7c 11 	mov.b	#-1,	&0x117c	;r3 As==11
    4dcc:	f2 43 7b 11 	mov.b	#-1,	&0x117b	;r3 As==11
    4dd0:	f2 40 89 ff 81 11 	mov.b	#-119,	&0x1181	;#0xff89
    4dd6:	f2 40 0a 00 7f 11 	mov.b	#10,	&0x117f	;#0x000a
    4ddc:	82 93 40 11 	tst	&0x1140	
    4de0:	40 20       	jnz	$+130    	;abs 0x4e62
    4de2:	0f 42       	mov	r2,	r15	
    4de4:	32 c2       	dint			
    4de6:	03 43       	nop			
    4de8:	f2 40 05 00 3c 11 	mov.b	#5,	&0x113c	;#0x0005
    4dee:	82 43 3a 11 	mov	#0,	&0x113a	;r3 As==00
    4df2:	b2 40 76 11 42 11 	mov	#4470,	&0x1142	;#0x1176
    4df8:	a2 43 40 11 	mov	#2,	&0x1140	;r3 As==10
    4dfc:	c2 43 36 11 	mov.b	#0,	&0x1136	;r3 As==00
    4e00:	c2 43 38 11 	mov.b	#0,	&0x1138	;r3 As==00
    4e04:	f2 40 16 00 3e 11 	mov.b	#22,	&0x113e	;#0x0016
    4e0a:	3f f2       	and	#8,	r15	;r2 As==11
    4e0c:	01 24       	jz	$+4      	;abs 0x4e10
    4e0e:	32 d2       	eint			
    4e10:	0f 42       	mov	r2,	r15	
    4e12:	3f f2       	and	#8,	r15	;r2 As==11
    4e14:	32 c2       	dint			
    4e16:	03 43       	nop			
    4e18:	f2 90 0a 00 26 12 	cmp.b	#10,	&0x1226	;#0x000a
    4e1e:	04 20       	jnz	$+10     	;abs 0x4e28
    4e20:	0f 93       	tst	r15		
    4e22:	1d 24       	jz	$+60     	;abs 0x4e5e
    4e24:	32 d2       	eint			
    4e26:	1b 3c       	jmp	$+56     	;abs 0x4e5e
    4e28:	0f 93       	tst	r15		
    4e2a:	01 24       	jz	$+4      	;abs 0x4e2e
    4e2c:	32 d2       	eint			
    4e2e:	0f 42       	mov	r2,	r15	
    4e30:	3f f2       	and	#8,	r15	;r2 As==11
    4e32:	32 c2       	dint			
    4e34:	03 43       	nop			
    4e36:	c2 93 74 11 	tst.b	&0x1174	
    4e3a:	06 20       	jnz	$+14     	;abs 0x4e48
    4e3c:	d2 43 74 11 	mov.b	#1,	&0x1174	;r3 As==01
    4e40:	c2 43 75 11 	mov.b	#0,	&0x1175	;r3 As==00
    4e44:	5e 43       	mov.b	#1,	r14	;r3 As==01
    4e46:	01 3c       	jmp	$+4      	;abs 0x4e4a
    4e48:	4e 43       	clr.b	r14		
    4e4a:	0f 93       	tst	r15		
    4e4c:	01 24       	jz	$+4      	;abs 0x4e50
    4e4e:	32 d2       	eint			
    4e50:	4e 93       	tst.b	r14		
    4e52:	05 24       	jz	$+12     	;abs 0x4e5e
    4e54:	b0 12 7a 47 	call	#0x477a	
    4e58:	d2 43 4c 11 	mov.b	#1,	&0x114c	;r3 As==01
    4e5c:	02 3c       	jmp	$+6      	;abs 0x4e62
    4e5e:	82 43 40 11 	mov	#0,	&0x1140	;r3 As==00
    4e62:	d2 53 4f 11 	inc.b	&0x114f	
    4e66:	5f 42 4f 11 	mov.b	&0x114f,r15	
    4e6a:	6f 92       	cmp.b	#4,	r15	;r2 As==10
    4e6c:	73 2b       	jnc	$-280    	;abs 0x4d54
    4e6e:	7f 42       	mov.b	#8,	r15	;r2 As==11
    4e70:	b0 12 e0 44 	call	#0x44e0	
    4e74:	39 41       	pop	r9		
    4e76:	3a 41       	pop	r10		
    4e78:	3b 41       	pop	r11		
    4e7a:	30 41       	ret			

00004e7c <Msp430UartP__0__ResourceConfigure__configure.constprop.85>:
    4e7c:	0b 12       	push	r11		
    4e7e:	e2 42 3a 12 	mov.b	#4,	&0x123a	;r2 As==10
    4e82:	0b 42       	mov	r2,	r11	
    4e84:	3b f2       	and	#8,	r11	;r2 As==11
    4e86:	32 c2       	dint			
    4e88:	03 43       	nop			
    4e8a:	d2 43 78 00 	mov.b	#1,	&0x0078	;r3 As==01
    4e8e:	b0 12 66 44 	call	#0x4466	
    4e92:	5f 42 2b 56 	mov.b	&0x562b,r15	
    4e96:	7f f0 fa ff 	and.b	#-6,	r15	;#0xfffa
    4e9a:	5f d3       	bis.b	#1,	r15	;r3 As==01
    4e9c:	c2 4f 78 00 	mov.b	r15,	&0x0078	
    4ea0:	d2 42 2c 56 79 00 	mov.b	&0x562c,&0x0079	
    4ea6:	d2 42 2d 56 7a 00 	mov.b	&0x562d,&0x007a	
    4eac:	f2 40 09 00 7c 00 	mov.b	#9,	&0x007c	;#0x0009
    4eb2:	c2 43 7d 00 	mov.b	#0,	&0x007d	;r3 As==00
    4eb6:	f2 40 10 00 7b 00 	mov.b	#16,	&0x007b	;#0x0010
    4ebc:	5f 42 2e 56 	mov.b	&0x562e,r15	
    4ec0:	7f f0 03 00 	and.b	#3,	r15	;#0x0003
    4ec4:	7f 90 03 00 	cmp.b	#3,	r15	;#0x0003
    4ec8:	0b 20       	jnz	$+24     	;abs 0x4ee0
    4eca:	f2 d0 40 00 1b 00 	bis.b	#64,	&0x001b	;#0x0040
    4ed0:	f2 d0 80 ff 1b 00 	bis.b	#-128,	&0x001b	;#0xff80
    4ed6:	5f 42 05 00 	mov.b	&0x0005,r15	
    4eda:	7f d0 30 00 	bis.b	#48,	r15	;#0x0030
    4ede:	0f 3c       	jmp	$+32     	;abs 0x4efe
    4ee0:	6f 93       	cmp.b	#2,	r15	;r3 As==10
    4ee2:	10 20       	jnz	$+34     	;abs 0x4f04
    4ee4:	f2 f0 df ff 05 00 	and.b	#-33,	&0x0005	;#0xffdf
    4eea:	f2 f0 bf ff 1b 00 	and.b	#-65,	&0x001b	;#0xffbf
    4ef0:	f2 d0 80 ff 1b 00 	bis.b	#-128,	&0x001b	;#0xff80
    4ef6:	5f 42 05 00 	mov.b	&0x0005,r15	
    4efa:	7f d0 10 00 	bis.b	#16,	r15	;#0x0010
    4efe:	c2 4f 05 00 	mov.b	r15,	&0x0005	
    4f02:	12 3c       	jmp	$+38     	;abs 0x4f28
    4f04:	5f 93       	cmp.b	#1,	r15	;r3 As==01
    4f06:	0e 20       	jnz	$+30     	;abs 0x4f24
    4f08:	f2 f0 ef ff 05 00 	and.b	#-17,	&0x0005	;#0xffef
    4f0e:	f2 f0 7f 00 1b 00 	and.b	#127,	&0x001b	;#0x007f
    4f14:	f2 d0 40 00 1b 00 	bis.b	#64,	&0x001b	;#0x0040
    4f1a:	5f 42 05 00 	mov.b	&0x0005,r15	
    4f1e:	7f d0 20 00 	bis.b	#32,	r15	;#0x0020
    4f22:	ed 3f       	jmp	$-36     	;abs 0x4efe
    4f24:	b0 12 84 44 	call	#0x4484	
    4f28:	f2 f0 fe ff 78 00 	and.b	#-2,	&0x0078	;#0xfffe
    4f2e:	f2 f0 cf ff 01 00 	and.b	#-49,	&0x0001	;#0xffcf
    4f34:	f2 f0 cf ff 03 00 	and.b	#-49,	&0x0003	;#0xffcf
    4f3a:	0b 93       	tst	r11		
    4f3c:	01 24       	jz	$+4      	;abs 0x4f40
    4f3e:	32 d2       	eint			
    4f40:	0f 42       	mov	r2,	r15	
    4f42:	32 c2       	dint			
    4f44:	03 43       	nop			
    4f46:	f2 f0 cf ff 03 00 	and.b	#-49,	&0x0003	;#0xffcf
    4f4c:	f2 d0 30 00 01 00 	bis.b	#48,	&0x0001	;#0x0030
    4f52:	3f f2       	and	#8,	r15	;r2 As==11
    4f54:	01 24       	jz	$+4      	;abs 0x4f58
    4f56:	32 d2       	eint			
    4f58:	3b 41       	pop	r11		
    4f5a:	30 41       	ret			

00004f5c <SchedulerBasicP__TaskBasic__runTask>:
    4f5c:	0b 12       	push	r11		
    4f5e:	0a 12       	push	r10		
    4f60:	09 12       	push	r9		
    4f62:	08 12       	push	r8		
    4f64:	7f 90 09 00 	cmp.b	#9,	r15	;#0x0009
    4f68:	02 28       	jnc	$+6      	;abs 0x4f6e
    4f6a:	30 40 f2 53 	br	#0x53f2	
    4f6e:	4f 4f       	mov.b	r15,	r15	
    4f70:	0f 5f       	rla	r15		
    4f72:	10 4f 16 56 	br	22038(r15)	;0x5616(r15)
    4f76:	0b 42       	mov	r2,	r11	
    4f78:	3b f2       	and	#8,	r11	;r2 As==11
    4f7a:	32 c2       	dint			
    4f7c:	03 43       	nop			
    4f7e:	c2 43 3e 12 	mov.b	#0,	&0x123e	;r3 As==00
    4f82:	5d 42 26 12 	mov.b	&0x1226,r13	
    4f86:	5e 43       	mov.b	#1,	r14	;r3 As==01
    4f88:	7d 92       	cmp.b	#8,	r13	;r2 As==11
    4f8a:	01 24       	jz	$+4      	;abs 0x4f8e
    4f8c:	4e 43       	clr.b	r14		
    4f8e:	5c 43       	mov.b	#1,	r12	;r3 As==01
    4f90:	7d 90 09 00 	cmp.b	#9,	r13	;#0x0009
    4f94:	01 24       	jz	$+4      	;abs 0x4f98
    4f96:	4c 43       	clr.b	r12		
    4f98:	4e 93       	tst.b	r14		
    4f9a:	02 20       	jnz	$+6      	;abs 0x4fa0
    4f9c:	4c 93       	tst.b	r12		
    4f9e:	07 24       	jz	$+16     	;abs 0x4fae
    4fa0:	c2 43 26 12 	mov.b	#0,	&0x1226	;r3 As==00
    4fa4:	5f 42 b8 11 	mov.b	&0x11b8,r15	
    4fa8:	0f 5f       	rla	r15		
    4faa:	cf 43 72 11 	mov.b	#0,	4466(r15);r3 As==00, 0x1172(r15)
    4fae:	0b 93       	tst	r11		
    4fb0:	01 24       	jz	$+4      	;abs 0x4fb4
    4fb2:	32 d2       	eint			
    4fb4:	4e 93       	tst.b	r14		
    4fb6:	02 20       	jnz	$+6      	;abs 0x4fbc
    4fb8:	4c 93       	tst.b	r12		
    4fba:	24 24       	jz	$+74     	;abs 0x5004
    4fbc:	0f 42       	mov	r2,	r15	
    4fbe:	3f f2       	and	#8,	r15	;r2 As==11
    4fc0:	32 c2       	dint			
    4fc2:	03 43       	nop			
    4fc4:	d2 53 39 12 	inc.b	&0x1239	
    4fc8:	f2 90 43 00 6c 11 	cmp.b	#67,	&0x116c	;#0x0043
    4fce:	0e 20       	jnz	$+30     	;abs 0x4fec
    4fd0:	5e 42 ab 11 	mov.b	&0x11ab,r14	
    4fd4:	5e 92 aa 11 	cmp.b	&0x11aa,r14	
    4fd8:	0f 24       	jz	$+32     	;abs 0x4ff8
    4fda:	5e 53       	inc.b	r14		
    4fdc:	c2 4e ab 11 	mov.b	r14,	&0x11ab	
    4fe0:	7e 90 06 00 	cmp.b	#6,	r14	;#0x0006
    4fe4:	09 28       	jnc	$+20     	;abs 0x4ff8
    4fe6:	c2 43 ab 11 	mov.b	#0,	&0x11ab	;r3 As==00
    4fea:	06 3c       	jmp	$+14     	;abs 0x4ff8
    4fec:	1a 43       	mov	#1,	r10	;r3 As==01
    4fee:	4e 93       	tst.b	r14		
    4ff0:	01 24       	jz	$+4      	;abs 0x4ff4
    4ff2:	0a 43       	clr	r10		
    4ff4:	59 43       	mov.b	#1,	r9	;r3 As==01
    4ff6:	02 3c       	jmp	$+6      	;abs 0x4ffc
    4ff8:	49 43       	clr.b	r9		
    4ffa:	0a 43       	clr	r10		
    4ffc:	0f 93       	tst	r15		
    4ffe:	06 24       	jz	$+14     	;abs 0x500c
    5000:	32 d2       	eint			
    5002:	04 3c       	jmp	$+10     	;abs 0x500c
    5004:	4d 93       	tst.b	r13		
    5006:	5e 20       	jnz	$+190    	;abs 0x50c4
    5008:	0a 43       	clr	r10		
    500a:	49 43       	clr.b	r9		
    500c:	0f 42       	mov	r2,	r15	
    500e:	32 c2       	dint			
    5010:	03 43       	nop			
    5012:	5e 42 48 11 	mov.b	&0x1148,r14	
    5016:	3f f2       	and	#8,	r15	;r2 As==11
    5018:	01 24       	jz	$+4      	;abs 0x501c
    501a:	32 d2       	eint			
    501c:	0f 42       	mov	r2,	r15	
    501e:	32 c2       	dint			
    5020:	03 43       	nop			
    5022:	4e 93       	tst.b	r14		
    5024:	07 24       	jz	$+16     	;abs 0x5034
    5026:	f2 40 0a 00 26 12 	mov.b	#10,	&0x1226	;#0x000a
    502c:	3f f2       	and	#8,	r15	;r2 As==11
    502e:	39 24       	jz	$+116    	;abs 0x50a2
    5030:	32 d2       	eint			
    5032:	37 3c       	jmp	$+112    	;abs 0x50a2
    5034:	58 42 72 11 	mov.b	&0x1172,r8	
    5038:	5b 42 74 11 	mov.b	&0x1174,r11	
    503c:	3f f2       	and	#8,	r15	;r2 As==11
    503e:	01 24       	jz	$+4      	;abs 0x5042
    5040:	32 d2       	eint			
    5042:	b0 12 de 47 	call	#0x47de	
    5046:	4f 93       	tst.b	r15		
    5048:	1c 20       	jnz	$+58     	;abs 0x5082
    504a:	48 93       	tst.b	r8		
    504c:	1a 20       	jnz	$+54     	;abs 0x5082
    504e:	0b 42       	mov	r2,	r11	
    5050:	3b f2       	and	#8,	r11	;r2 As==11
    5052:	32 c2       	dint			
    5054:	03 43       	nop			
    5056:	e2 43 72 11 	mov.b	#2,	&0x1172	;r3 As==10
    505a:	b0 12 de 47 	call	#0x47de	
    505e:	4f 93       	tst.b	r15		
    5060:	05 20       	jnz	$+12     	;abs 0x506c
    5062:	5f 42 ab 11 	mov.b	&0x11ab,r15	
    5066:	5f 4f ac 11 	mov.b	4524(r15),r15	;0x11ac(r15)
    506a:	01 3c       	jmp	$+4      	;abs 0x506e
    506c:	4f 43       	clr.b	r15		
    506e:	c2 4f 73 11 	mov.b	r15,	&0x1173	
    5072:	f2 40 43 00 6c 11 	mov.b	#67,	&0x116c	;#0x0043
    5078:	c2 43 b8 11 	mov.b	#0,	&0x11b8	;r3 As==00
    507c:	0b 93       	tst	r11		
    507e:	13 24       	jz	$+40     	;abs 0x50a6
    5080:	0e 3c       	jmp	$+30     	;abs 0x509e
    5082:	4f 4b       	mov.b	r11,	r15	
    5084:	7f 53       	add.b	#-1,	r15	;r3 As==11
    5086:	6f 93       	cmp.b	#2,	r15	;r3 As==10
    5088:	0c 2c       	jc	$+26     	;abs 0x50a2
    508a:	0f 42       	mov	r2,	r15	
    508c:	32 c2       	dint			
    508e:	03 43       	nop			
    5090:	f2 40 45 00 6c 11 	mov.b	#69,	&0x116c	;#0x0045
    5096:	d2 43 b8 11 	mov.b	#1,	&0x11b8	;r3 As==01
    509a:	3f f2       	and	#8,	r15	;r2 As==11
    509c:	04 24       	jz	$+10     	;abs 0x50a6
    509e:	32 d2       	eint			
    50a0:	02 3c       	jmp	$+6      	;abs 0x50a6
    50a2:	4b 43       	clr.b	r11		
    50a4:	01 3c       	jmp	$+4      	;abs 0x50a8
    50a6:	5b 43       	mov.b	#1,	r11	;r3 As==01
    50a8:	49 93       	tst.b	r9		
    50aa:	0d 24       	jz	$+28     	;abs 0x50c6
    50ac:	0f 42       	mov	r2,	r15	
    50ae:	32 c2       	dint			
    50b0:	03 43       	nop			
    50b2:	82 4a 3a 11 	mov	r10,	&0x113a	
    50b6:	3f f2       	and	#8,	r15	;r2 As==11
    50b8:	01 24       	jz	$+4      	;abs 0x50bc
    50ba:	32 d2       	eint			
    50bc:	6f 42       	mov.b	#4,	r15	;r2 As==10
    50be:	b0 12 e0 44 	call	#0x44e0	
    50c2:	01 3c       	jmp	$+4      	;abs 0x50c6
    50c4:	4b 43       	clr.b	r11		
    50c6:	0a 42       	mov	r2,	r10	
    50c8:	3a f2       	and	#8,	r10	;r2 As==11
    50ca:	32 c2       	dint			
    50cc:	03 43       	nop			
    50ce:	f2 90 0a 00 26 12 	cmp.b	#10,	&0x1226	;#0x000a
    50d4:	08 20       	jnz	$+18     	;abs 0x50e6
    50d6:	b0 12 ce 48 	call	#0x48ce	
    50da:	0a 93       	tst	r10		
    50dc:	02 20       	jnz	$+6      	;abs 0x50e2
    50de:	30 40 f2 53 	br	#0x53f2	
    50e2:	30 40 e2 53 	br	#0x53e2	
    50e6:	0a 93       	tst	r10		
    50e8:	01 24       	jz	$+4      	;abs 0x50ec
    50ea:	32 d2       	eint			
    50ec:	4b 93       	tst.b	r11		
    50ee:	02 20       	jnz	$+6      	;abs 0x50f4
    50f0:	30 40 f2 53 	br	#0x53f2	
    50f4:	0f 42       	mov	r2,	r15	
    50f6:	32 c2       	dint			
    50f8:	03 43       	nop			
    50fa:	82 43 50 12 	mov	#0,	&0x1250	;r3 As==00
    50fe:	c2 43 67 11 	mov.b	#0,	&0x1167	;r3 As==00
    5102:	d2 43 26 12 	mov.b	#1,	&0x1226	;r3 As==01
    5106:	3f f2       	and	#8,	r15	;r2 As==11
    5108:	01 24       	jz	$+4      	;abs 0x510c
    510a:	32 d2       	eint			
    510c:	b0 12 84 4b 	call	#0x4b84	
    5110:	0f 93       	tst	r15		
    5112:	02 20       	jnz	$+6      	;abs 0x5118
    5114:	30 40 f2 53 	br	#0x53f2	
    5118:	0f 42       	mov	r2,	r15	
    511a:	32 c2       	dint			
    511c:	03 43       	nop			
    511e:	f2 40 09 00 26 12 	mov.b	#9,	&0x1226	;#0x0009
    5124:	3f f2       	and	#8,	r15	;r2 As==11
    5126:	01 24       	jz	$+4      	;abs 0x512a
    5128:	32 d2       	eint			
    512a:	b0 12 7a 47 	call	#0x477a	
    512e:	30 40 f2 53 	br	#0x53f2	
    5132:	0f 42       	mov	r2,	r15	
    5134:	3f f2       	and	#8,	r15	;r2 As==11
    5136:	32 c2       	dint			
    5138:	03 43       	nop			
    513a:	82 93 60 11 	tst	&0x1160	
    513e:	01 24       	jz	$+4      	;abs 0x5142
    5140:	35 3c       	jmp	$+108    	;abs 0x51ac
    5142:	b2 40 03 00 60 11 	mov	#3,	&0x1160	;#0x0003
    5148:	c2 43 00 11 	mov.b	#0,	&0x1100	;r3 As==00
    514c:	0f 93       	tst	r15		
    514e:	01 24       	jz	$+4      	;abs 0x5152
    5150:	32 d2       	eint			
    5152:	0b 42       	mov	r2,	r11	
    5154:	3b f2       	and	#8,	r11	;r2 As==11
    5156:	32 c2       	dint			
    5158:	03 43       	nop			
    515a:	d2 93 01 11 	cmp.b	#1,	&0x1101	;r3 As==01
    515e:	17 20       	jnz	$+48     	;abs 0x518e
    5160:	1f 42 60 11 	mov	&0x1160,r15	
    5164:	0e 4f       	mov	r15,	r14	
    5166:	3e 53       	add	#-1,	r14	;r3 As==11
    5168:	2e 93       	cmp	#2,	r14	;r3 As==10
    516a:	07 2c       	jc	$+16     	;abs 0x517a
    516c:	a2 43 60 11 	mov	#2,	&0x1160	;r3 As==10
    5170:	7f 40 06 00 	mov.b	#6,	r15	;#0x0006
    5174:	b0 12 e0 44 	call	#0x44e0	
    5178:	0a 3c       	jmp	$+22     	;abs 0x518e
    517a:	3f 90 03 00 	cmp	#3,	r15	;#0x0003
    517e:	07 20       	jnz	$+16     	;abs 0x518e
    5180:	d2 42 00 11 01 11 	mov.b	&0x1100,&0x1101	
    5186:	f2 43 00 11 	mov.b	#-1,	&0x1100	;r3 As==11
    518a:	a2 42 60 11 	mov	#4,	&0x1160	;r2 As==10
    518e:	0b 93       	tst	r11		
    5190:	01 24       	jz	$+4      	;abs 0x5194
    5192:	32 d2       	eint			
    5194:	c2 93 01 11 	tst.b	&0x1101	
    5198:	03 20       	jnz	$+8      	;abs 0x51a0
    519a:	b0 12 7c 4e 	call	#0x4e7c	
    519e:	09 3c       	jmp	$+20     	;abs 0x51b2
    51a0:	0f 42       	mov	r2,	r15	
    51a2:	32 c2       	dint			
    51a4:	03 43       	nop			
    51a6:	82 43 60 11 	mov	#0,	&0x1160	;r3 As==00
    51aa:	3f f2       	and	#8,	r15	;r2 As==11
    51ac:	0f 93       	tst	r15		
    51ae:	01 24       	jz	$+4      	;abs 0x51b2
    51b0:	32 d2       	eint			
    51b2:	0f 42       	mov	r2,	r15	
    51b4:	32 c2       	dint			
    51b6:	03 43       	nop			
    51b8:	c2 43 26 12 	mov.b	#0,	&0x1226	;r3 As==00
    51bc:	c2 43 62 11 	mov.b	#0,	&0x1162	;r3 As==00
    51c0:	3f f2       	and	#8,	r15	;r2 As==11
    51c2:	01 24       	jz	$+4      	;abs 0x51c6
    51c4:	32 d2       	eint			
    51c6:	b0 12 3a 45 	call	#0x453a	
    51ca:	82 4e 40 12 	mov	r14,	&0x1240	
    51ce:	82 4f 42 12 	mov	r15,	&0x1242	
    51d2:	b2 40 e8 03 44 12 	mov	#1000,	&0x1244	;#0x03e8
    51d8:	82 43 46 12 	mov	#0,	&0x1246	;r3 As==00
    51dc:	5f 42 4c 12 	mov.b	&0x124c,r15	
    51e0:	7f f0 fe ff 	and.b	#-2,	r15	;#0xfffe
    51e4:	6f d3       	bis.b	#2,	r15	;r3 As==10
    51e6:	c2 4f 4c 12 	mov.b	r15,	&0x124c	
    51ea:	7f 42       	mov.b	#8,	r15	;r2 As==11
    51ec:	02 3c       	jmp	$+6      	;abs 0x51f2
    51ee:	7f 40 03 00 	mov.b	#3,	r15	;#0x0003
    51f2:	b0 12 e0 44 	call	#0x44e0	
    51f6:	30 40 f2 53 	br	#0x53f2	
    51fa:	b0 12 2e 4b 	call	#0x4b2e	
    51fe:	4f 93       	tst.b	r15		
    5200:	02 20       	jnz	$+6      	;abs 0x5206
    5202:	30 40 f2 53 	br	#0x53f2	
    5206:	82 93 5e 11 	tst	&0x115e	
    520a:	02 24       	jz	$+6      	;abs 0x5210
    520c:	30 40 f2 53 	br	#0x53f2	
    5210:	82 93 3c 12 	tst	&0x123c	
    5214:	02 24       	jz	$+6      	;abs 0x521a
    5216:	30 40 f2 53 	br	#0x53f2	
    521a:	0b 42       	mov	r2,	r11	
    521c:	3b f2       	and	#8,	r11	;r2 As==11
    521e:	32 c2       	dint			
    5220:	03 43       	nop			
    5222:	a2 92 60 11 	cmp	#4,	&0x1160	;r2 As==10
    5226:	2b 20       	jnz	$+88     	;abs 0x527e
    5228:	c2 93 01 11 	tst.b	&0x1101	
    522c:	28 20       	jnz	$+82     	;abs 0x527e
    522e:	5e 42 03 11 	mov.b	&0x1103,r14	
    5232:	7e 93       	cmp.b	#-1,	r14	;r3 As==11
    5234:	0b 20       	jnz	$+24     	;abs 0x524c
    5236:	d2 43 01 11 	mov.b	#1,	&0x1101	;r3 As==01
    523a:	82 43 60 11 	mov	#0,	&0x1160	;r3 As==00
    523e:	d2 43 78 00 	mov.b	#1,	&0x0078	;r3 As==01
    5242:	b0 12 84 44 	call	#0x4484	
    5246:	b0 12 66 44 	call	#0x4466	
    524a:	17 3c       	jmp	$+48     	;abs 0x527a
    524c:	4f 4e       	mov.b	r14,	r15	
    524e:	5d 4f 5d 11 	mov.b	4445(r15),r13	;0x115d(r15)
    5252:	c2 4d 03 11 	mov.b	r13,	&0x1103	
    5256:	7d 93       	cmp.b	#-1,	r13	;r3 As==11
    5258:	02 20       	jnz	$+6      	;abs 0x525e
    525a:	f2 43 02 11 	mov.b	#-1,	&0x1102	;r3 As==11
    525e:	ff 43 5d 11 	mov.b	#-1,	4445(r15);r3 As==11, 0x115d(r15)
    5262:	c2 4e 00 11 	mov.b	r14,	&0x1100	
    5266:	f2 43 01 11 	mov.b	#-1,	&0x1101	;r3 As==11
    526a:	a2 43 60 11 	mov	#2,	&0x1160	;r3 As==10
    526e:	7f 40 06 00 	mov.b	#6,	r15	;#0x0006
    5272:	b0 12 e0 44 	call	#0x44e0	
    5276:	d2 43 78 00 	mov.b	#1,	&0x0078	;r3 As==01
    527a:	b0 12 84 44 	call	#0x4484	
    527e:	0b 93       	tst	r11		
    5280:	b8 24       	jz	$+370    	;abs 0x53f2
    5282:	af 3c       	jmp	$+352    	;abs 0x53e2
    5284:	82 43 40 11 	mov	#0,	&0x1140	;r3 As==00
    5288:	0f 42       	mov	r2,	r15	
    528a:	32 c2       	dint			
    528c:	03 43       	nop			
    528e:	3f f2       	and	#8,	r15	;r2 As==11
    5290:	01 24       	jz	$+4      	;abs 0x5294
    5292:	32 d2       	eint			
    5294:	1f 42 42 11 	mov	&0x1142,r15	
    5298:	c2 93 36 11 	tst.b	&0x1136	
    529c:	aa 20       	jnz	$+342    	;abs 0x53f2
    529e:	ff 90 89 ff 0b 00 	cmp.b	#-119,	11(r15)	;#0xff89, 0x000b(r15)
    52a4:	a6 20       	jnz	$+334    	;abs 0x53f2
    52a6:	3f 90 76 11 	cmp	#4470,	r15	;#0x1176
    52aa:	a3 20       	jnz	$+328    	;abs 0x53f2
    52ac:	c2 43 4c 11 	mov.b	#0,	&0x114c	;r3 As==00
    52b0:	a0 3c       	jmp	$+322    	;abs 0x53f2
    52b2:	0f 42       	mov	r2,	r15	
    52b4:	32 c2       	dint			
    52b6:	03 43       	nop			
    52b8:	1c 42 30 11 	mov	&0x1130,r12	
    52bc:	5d 42 50 11 	mov.b	&0x1150,r13	
    52c0:	3f f2       	and	#8,	r15	;r2 As==11
    52c2:	01 24       	jz	$+4      	;abs 0x52c6
    52c4:	32 d2       	eint			
    52c6:	0e 42       	mov	r2,	r14	
    52c8:	3e f2       	and	#8,	r14	;r2 As==11
    52ca:	32 c2       	dint			
    52cc:	03 43       	nop			
    52ce:	4f 4d       	mov.b	r13,	r15	
    52d0:	0f 5f       	rla	r15		
    52d2:	8f 4c 06 11 	mov	r12,	4358(r15);0x1106(r15)
    52d6:	5f 42 46 11 	mov.b	&0x1146,r15	
    52da:	4d 93       	tst.b	r13		
    52dc:	03 24       	jz	$+8      	;abs 0x52e4
    52de:	7f f0 fb ff 	and.b	#-5,	r15	;#0xfffb
    52e2:	02 3c       	jmp	$+6      	;abs 0x52e8
    52e4:	7f f0 fd ff 	and.b	#-3,	r15	;#0xfffd
    52e8:	c2 4f 46 11 	mov.b	r15,	&0x1146	
    52ec:	c2 43 34 11 	mov.b	#0,	&0x1134	;r3 As==00
    52f0:	0e 93       	tst	r14		
    52f2:	7f 24       	jz	$+256    	;abs 0x53f2
    52f4:	76 3c       	jmp	$+238    	;abs 0x53e2
    52f6:	0f 42       	mov	r2,	r15	
    52f8:	32 c2       	dint			
    52fa:	03 43       	nop			
    52fc:	d2 42 00 11 01 11 	mov.b	&0x1100,&0x1101	
    5302:	f2 43 00 11 	mov.b	#-1,	&0x1100	;r3 As==11
    5306:	a2 42 60 11 	mov	#4,	&0x1160	;r2 As==10
    530a:	3f f2       	and	#8,	r15	;r2 As==11
    530c:	01 24       	jz	$+4      	;abs 0x5310
    530e:	32 d2       	eint			
    5310:	c2 93 01 11 	tst.b	&0x1101	
    5314:	6e 20       	jnz	$+222    	;abs 0x53f2
    5316:	b0 12 7c 4e 	call	#0x4e7c	
    531a:	6b 3c       	jmp	$+216    	;abs 0x53f2
    531c:	c2 93 5c 11 	tst.b	&0x115c	
    5320:	28 20       	jnz	$+82     	;abs 0x5372
    5322:	1e 42 34 12 	mov	&0x1234,r14	
    5326:	1f 42 36 12 	mov	&0x1236,r15	
    532a:	0b 42       	mov	r2,	r11	
    532c:	32 c2       	dint			
    532e:	03 43       	nop			
    5330:	1c 42 68 11 	mov	&0x1168,r12	
    5334:	1d 42 6a 11 	mov	&0x116a,r13	
    5338:	1c 52 6e 11 	add	&0x116e,r12	
    533c:	1d 62 70 11 	addc	&0x1170,r13	
    5340:	3b f2       	and	#8,	r11	;r2 As==11
    5342:	01 24       	jz	$+4      	;abs 0x5346
    5344:	32 d2       	eint			
    5346:	82 4e 34 12 	mov	r14,	&0x1234	
    534a:	82 4f 36 12 	mov	r15,	&0x1236	
    534e:	c2 43 5c 11 	mov.b	#0,	&0x115c	;r3 As==00
    5352:	0b 42       	mov	r2,	r11	
    5354:	32 c2       	dint			
    5356:	03 43       	nop			
    5358:	82 4c 6e 11 	mov	r12,	&0x116e	
    535c:	82 4d 70 11 	mov	r13,	&0x1170	
    5360:	82 4e 68 11 	mov	r14,	&0x1168	
    5364:	82 4f 6a 11 	mov	r15,	&0x116a	
    5368:	b0 12 c0 45 	call	#0x45c0	
    536c:	3b b2       	bit	#8,	r11	;r2 As==11
    536e:	01 24       	jz	$+4      	;abs 0x5372
    5370:	32 d2       	eint			
    5372:	b0 12 3a 45 	call	#0x453a	
    5376:	1d 3c       	jmp	$+60     	;abs 0x53b2
    5378:	b0 12 3a 45 	call	#0x453a	
    537c:	b2 f0 ef ff 82 01 	and	#-17,	&0x0182	;#0xffef
    5382:	e2 b3 4c 12 	bit.b	#2,	&0x124c	;r3 As==10
    5386:	35 24       	jz	$+108    	;abs 0x53f2
    5388:	0c 4e       	mov	r14,	r12	
    538a:	0d 4f       	mov	r15,	r13	
    538c:	1c 82 40 12 	sub	&0x1240,r12	
    5390:	1d 72 42 12 	subc	&0x1242,r13	
    5394:	1a 42 44 12 	mov	&0x1244,r10	
    5398:	1b 42 46 12 	mov	&0x1246,r11	
    539c:	0a 8c       	sub	r12,	r10	
    539e:	0b 7d       	subc	r13,	r11	
    53a0:	0c 4a       	mov	r10,	r12	
    53a2:	0d 4b       	mov	r11,	r13	
    53a4:	0b 4d       	mov	r13,	r11	
    53a6:	3a 93       	cmp	#-1,	r10	;r3 As==11
    53a8:	1e 20       	jnz	$+62     	;abs 0x53e6
    53aa:	3d 90 ff 7f 	cmp	#32767,	r13	;#0x7fff
    53ae:	1b 20       	jnz	$+56     	;abs 0x53e6
    53b0:	20 3c       	jmp	$+66     	;abs 0x53f2
    53b2:	b0 12 fe 4c 	call	#0x4cfe	
    53b6:	1d 3c       	jmp	$+60     	;abs 0x53f2
    53b8:	82 4c 34 12 	mov	r12,	&0x1234	
    53bc:	82 4d 36 12 	mov	r13,	&0x1236	
    53c0:	d2 43 5c 11 	mov.b	#1,	&0x115c	;r3 As==01
    53c4:	0b 42       	mov	r2,	r11	
    53c6:	32 c2       	dint			
    53c8:	03 43       	nop			
    53ca:	82 4e 6e 11 	mov	r14,	&0x116e	
    53ce:	82 4f 70 11 	mov	r15,	&0x1170	
    53d2:	82 4c 68 11 	mov	r12,	&0x1168	
    53d6:	82 4d 6a 11 	mov	r13,	&0x116a	
    53da:	b0 12 c0 45 	call	#0x45c0	
    53de:	3b b2       	bit	#8,	r11	;r2 As==11
    53e0:	08 24       	jz	$+18     	;abs 0x53f2
    53e2:	32 d2       	eint			
    53e4:	06 3c       	jmp	$+14     	;abs 0x53f2
    53e6:	0b 93       	tst	r11		
    53e8:	e4 3b       	jl	$-54     	;abs 0x53b2
    53ea:	e6 23       	jnz	$-50     	;abs 0x53b8
    53ec:	1a 93       	cmp	#1,	r10	;r3 As==01
    53ee:	e1 2b       	jnc	$-60     	;abs 0x53b2
    53f0:	e3 3f       	jmp	$-56     	;abs 0x53b8
    53f2:	38 41       	pop	r8		
    53f4:	39 41       	pop	r9		
    53f6:	3a 41       	pop	r10		
    53f8:	3b 41       	pop	r11		
    53fa:	30 41       	ret			

000053fc <RealMainP__Scheduler__runNextTask>:
    53fc:	f2 93 38 12 	cmp.b	#-1,	&0x1238	;r3 As==11
    5400:	03 24       	jz	$+8      	;abs 0x5408
    5402:	b0 12 f8 47 	call	#0x47f8	
    5406:	01 3c       	jmp	$+4      	;abs 0x540a
    5408:	7f 43       	mov.b	#-1,	r15	;r3 As==11
    540a:	c2 4f 66 11 	mov.b	r15,	&0x1166	
    540e:	7f 93       	cmp.b	#-1,	r15	;r3 As==11
    5410:	04 24       	jz	$+10     	;abs 0x541a
    5412:	b0 12 5c 4f 	call	#0x4f5c	
    5416:	5f 43       	mov.b	#1,	r15	;r3 As==01
    5418:	30 41       	ret			
    541a:	4f 43       	clr.b	r15		
    541c:	30 41       	ret			

0000541e <__nesc_atomic_start>:
    541e:	0f 42       	mov	r2,	r15	
    5420:	32 c2       	dint			
    5422:	03 43       	nop			
    5424:	3f f2       	and	#8,	r15	;r2 As==11
    5426:	30 41       	ret			

00005428 <__nesc_atomic_end>:
    5428:	0f 93       	tst	r15		
    542a:	01 24       	jz	$+4      	;abs 0x542e
    542c:	32 d2       	eint			
    542e:	30 41       	ret			

00005430 <sig_USART1RX_VECTOR>:
    5430:	0f 12       	push	r15		
    5432:	0e 12       	push	r14		
    5434:	0d 12       	push	r13		
    5436:	0c 12       	push	r12		
    5438:	5e 42 7e 00 	mov.b	&0x007e,r14	
    543c:	82 93 60 11 	tst	&0x1160	
    5440:	2e 24       	jz	$+94     	;abs 0x549e
    5442:	2a 3c       	jmp	$+86     	;abs 0x5498
    5444:	1d 42 5e 11 	mov	&0x115e,r13	
    5448:	0d 93       	tst	r13		
    544a:	0e 24       	jz	$+30     	;abs 0x5468
    544c:	1f 42 24 12 	mov	&0x1224,r15	
    5450:	0d 5f       	add	r15,	r13	
    5452:	cd 4e 00 00 	mov.b	r14,	0(r13)	;0x0000(r13)
    5456:	1f 53       	inc	r15		
    5458:	82 4f 24 12 	mov	r15,	&0x1224	
    545c:	1f 92 ba 11 	cmp	&0x11ba,r15	
    5460:	1e 28       	jnc	$+62     	;abs 0x549e
    5462:	82 43 5e 11 	mov	#0,	&0x115e	;r3 As==00
    5466:	1b 3c       	jmp	$+56     	;abs 0x549e
    5468:	7e 90 7e 00 	cmp.b	#126,	r14	;#0x007e
    546c:	03 20       	jnz	$+8      	;abs 0x5474
    546e:	4e 43       	clr.b	r14		
    5470:	5f 43       	mov.b	#1,	r15	;r3 As==01
    5472:	0f 3c       	jmp	$+32     	;abs 0x5492
    5474:	7e 90 7d 00 	cmp.b	#125,	r14	;#0x007d
    5478:	03 20       	jnz	$+8      	;abs 0x5480
    547a:	e2 d3 2c 11 	bis.b	#2,	&0x112c	;r3 As==10
    547e:	0f 3c       	jmp	$+32     	;abs 0x549e
    5480:	e2 b3 2c 11 	bit.b	#2,	&0x112c	;r3 As==10
    5484:	05 24       	jz	$+12     	;abs 0x5490
    5486:	f2 f0 fd ff 2c 11 	and.b	#-3,	&0x112c	;#0xfffd
    548c:	7e e0 20 00 	xor.b	#32,	r14	;#0x0020
    5490:	4f 43       	clr.b	r15		
    5492:	b0 12 ee 48 	call	#0x48ee	
    5496:	03 3c       	jmp	$+8      	;abs 0x549e
    5498:	c2 93 01 11 	tst.b	&0x1101	
    549c:	d3 27       	jz	$-88     	;abs 0x5444
    549e:	3c 41       	pop	r12		
    54a0:	3d 41       	pop	r13		
    54a2:	3e 41       	pop	r14		
    54a4:	3f 41       	pop	r15		
    54a6:	b1 c0 f0 00 00 00 	bic	#240,	0(r1)	;#0x00f0, 0x0000(r1)
    54ac:	00 13       	reti			

000054ae <sig_USART1TX_VECTOR>:
    54ae:	0f 12       	push	r15		
    54b0:	0e 12       	push	r14		
    54b2:	0d 12       	push	r13		
    54b4:	0c 12       	push	r12		
    54b6:	82 93 60 11 	tst	&0x1160	
    54ba:	1b 24       	jz	$+56     	;abs 0x54f2
    54bc:	17 3c       	jmp	$+48     	;abs 0x54ec
    54be:	c2 93 4e 11 	tst.b	&0x114e	
    54c2:	0f 20       	jnz	$+32     	;abs 0x54e2
    54c4:	1f 42 64 11 	mov	&0x1164,r15	
    54c8:	1f 92 2a 12 	cmp	&0x122a,r15	
    54cc:	0a 2c       	jc	$+22     	;abs 0x54e2
    54ce:	1e 42 3c 12 	mov	&0x123c,r14	
    54d2:	0e 5f       	add	r15,	r14	
    54d4:	6e 4e       	mov.b	@r14,	r14	
    54d6:	1f 53       	inc	r15		
    54d8:	82 4f 64 11 	mov	r15,	&0x1164	
    54dc:	c2 4e 7f 00 	mov.b	r14,	&0x007f	
    54e0:	08 3c       	jmp	$+18     	;abs 0x54f2
    54e2:	82 43 3c 12 	mov	#0,	&0x123c	;r3 As==00
    54e6:	b0 12 ca 4b 	call	#0x4bca	
    54ea:	03 3c       	jmp	$+8      	;abs 0x54f2
    54ec:	c2 93 01 11 	tst.b	&0x1101	
    54f0:	e6 27       	jz	$-50     	;abs 0x54be
    54f2:	3c 41       	pop	r12		
    54f4:	3d 41       	pop	r13		
    54f6:	3e 41       	pop	r14		
    54f8:	3f 41       	pop	r15		
    54fa:	b1 c0 f0 00 00 00 	bic	#240,	0(r1)	;#0x00f0, 0x0000(r1)
    5500:	00 13       	reti			

00005502 <sig_TIMERA0_VECTOR>:
    5502:	0f 12       	push	r15		
    5504:	0e 12       	push	r14		
    5506:	0d 12       	push	r13		
    5508:	0c 12       	push	r12		
    550a:	4f 43       	clr.b	r15		
    550c:	b0 12 16 48 	call	#0x4816	
    5510:	3c 41       	pop	r12		
    5512:	3d 41       	pop	r13		
    5514:	3e 41       	pop	r14		
    5516:	3f 41       	pop	r15		
    5518:	b1 c0 f0 00 00 00 	bic	#240,	0(r1)	;#0x00f0, 0x0000(r1)
    551e:	00 13       	reti			

00005520 <sig_TIMERA1_VECTOR>:
    5520:	0f 12       	push	r15		
    5522:	0e 12       	push	r14		
    5524:	0d 12       	push	r13		
    5526:	0c 12       	push	r12		
    5528:	1f 42 2e 01 	mov	&0x012e,r15	
    552c:	4f 4f       	mov.b	r15,	r15	
    552e:	12 c3       	clrc			
    5530:	4f 10       	rrc.b	r15		
    5532:	b0 12 16 48 	call	#0x4816	
    5536:	3c 41       	pop	r12		
    5538:	3d 41       	pop	r13		
    553a:	3e 41       	pop	r14		
    553c:	3f 41       	pop	r15		
    553e:	b1 c0 f0 00 00 00 	bic	#240,	0(r1)	;#0x00f0, 0x0000(r1)
    5544:	00 13       	reti			

00005546 <sig_TIMERB0_VECTOR>:
    5546:	0f 12       	push	r15		
    5548:	0e 12       	push	r14		
    554a:	0d 12       	push	r13		
    554c:	0c 12       	push	r12		
    554e:	4f 43       	clr.b	r15		
    5550:	b0 12 d2 46 	call	#0x46d2	
    5554:	3c 41       	pop	r12		
    5556:	3d 41       	pop	r13		
    5558:	3e 41       	pop	r14		
    555a:	3f 41       	pop	r15		
    555c:	b1 c0 f0 00 00 00 	bic	#240,	0(r1)	;#0x00f0, 0x0000(r1)
    5562:	00 13       	reti			

00005564 <sig_TIMERB1_VECTOR>:
    5564:	0f 12       	push	r15		
    5566:	0e 12       	push	r14		
    5568:	0d 12       	push	r13		
    556a:	0c 12       	push	r12		
    556c:	1f 42 1e 01 	mov	&0x011e,r15	
    5570:	4f 4f       	mov.b	r15,	r15	
    5572:	12 c3       	clrc			
    5574:	4f 10       	rrc.b	r15		
    5576:	b0 12 d2 46 	call	#0x46d2	
    557a:	3c 41       	pop	r12		
    557c:	3d 41       	pop	r13		
    557e:	3e 41       	pop	r14		
    5580:	3f 41       	pop	r15		
    5582:	b1 c0 f0 00 00 00 	bic	#240,	0(r1)	;#0x00f0, 0x0000(r1)
    5588:	00 13       	reti			

0000558a <memset>:
    558a:	0b 12       	push	r11		
    558c:	0a 12       	push	r10		
    558e:	09 12       	push	r9		
    5590:	08 12       	push	r8		
    5592:	3d 90 06 00 	cmp	#6,	r13	;#0x0006
    5596:	09 2c       	jc	$+20     	;abs 0x55aa
    5598:	0c 4f       	mov	r15,	r12	
    559a:	04 3c       	jmp	$+10     	;abs 0x55a4
    559c:	cc 4e 00 00 	mov.b	r14,	0(r12)	;0x0000(r12)
    55a0:	1c 53       	inc	r12		
    55a2:	3d 53       	add	#-1,	r13	;r3 As==11
    55a4:	0d 93       	tst	r13		
    55a6:	fa 23       	jnz	$-10     	;abs 0x559c
    55a8:	20 3c       	jmp	$+66     	;abs 0x55ea
    55aa:	4e 4e       	mov.b	r14,	r14	
    55ac:	4b 4e       	mov.b	r14,	r11	
    55ae:	0b 93       	tst	r11		
    55b0:	03 24       	jz	$+8      	;abs 0x55b8
    55b2:	0c 4b       	mov	r11,	r12	
    55b4:	8c 10       	swpb	r12		
    55b6:	0b dc       	bis	r12,	r11	
    55b8:	1f b3       	bit	#1,	r15	;r3 As==01
    55ba:	06 24       	jz	$+14     	;abs 0x55c8
    55bc:	3d 53       	add	#-1,	r13	;r3 As==11
    55be:	cf 4e 00 00 	mov.b	r14,	0(r15)	;0x0000(r15)
    55c2:	09 4f       	mov	r15,	r9	
    55c4:	19 53       	inc	r9		
    55c6:	01 3c       	jmp	$+4      	;abs 0x55ca
    55c8:	09 4f       	mov	r15,	r9	
    55ca:	0c 4d       	mov	r13,	r12	
    55cc:	12 c3       	clrc			
    55ce:	0c 10       	rrc	r12		
    55d0:	0a 49       	mov	r9,	r10	
    55d2:	08 4c       	mov	r12,	r8	
    55d4:	8a 4b 00 00 	mov	r11,	0(r10)	;0x0000(r10)
    55d8:	2a 53       	incd	r10		
    55da:	38 53       	add	#-1,	r8	;r3 As==11
    55dc:	fb 23       	jnz	$-8      	;abs 0x55d4
    55de:	0c 5c       	rla	r12		
    55e0:	0c 59       	add	r9,	r12	
    55e2:	1d f3       	and	#1,	r13	;r3 As==01
    55e4:	02 24       	jz	$+6      	;abs 0x55ea
    55e6:	cc 4e 00 00 	mov.b	r14,	0(r12)	;0x0000(r12)
    55ea:	38 41       	pop	r8		
    55ec:	39 41       	pop	r9		
    55ee:	3a 41       	pop	r10		
    55f0:	3b 41       	pop	r11		
    55f2:	30 41       	ret			

000055f4 <_unexpected_>:
    55f4:	00 13       	reti			

Disassembly of section .vectors:

0000ffe0 <__ivtbl_16>:
    ffe0:	20 44 20 44 ae 54 30 54 20 44 20 55 02 55 20 44      D D.T0T D U.U D
    fff0:	20 44 20 44 20 44 20 44 64 55 46 55 20 44 00 40      D D D DdUFU D.@
